This is LuaHBTeX, Version 1.16.0 (TeX Live 2023)  (format=lualatex 2023.12.19)  8 FEB 2024 03:52
 restricted system commands enabled.
 file:line:error style messages enabled.
**c:/Users/asumo/Desktop/texDesk/graduate_temp/main.tex
(c:/Users/asumo/Desktop/texDesk/graduate_temp/main.tex
LaTeX2e <2022-11-01> patch level 1
Lua module: luaotfload 2022-10-03 3.23 Lua based OpenType font support
Lua module: lualibs 2022-10-04 2.75 ConTeXt Lua standard libraries.
Lua module: lualibs-extended 2022-10-04 2.75 ConTeXt Lua libraries -- extended collection.
luaotfload | conf : Root cache directory is "C:/texlive/2023/texmf-var/luatex-cache/generic/names".
luaotfload | init : Loading fontloader "fontloader-2022-10-03.lua" from kpse-resolved path "c:/texlive/2023/texmf-dist/tex/luatex/luaotfload/fontloader-2022-10-03.lua".
Lua-only attribute luaotfload@noligature = 1
luaotfload | init : Context OpenType loader version 3.120
Inserting `luaotfload.node_processor' in `pre_linebreak_filter'.
Inserting `luaotfload.node_processor' in `hpack_filter'.
Inserting `luaotfload.glyph_stream' in `glyph_stream_provider'.
Inserting `luaotfload.define_font' in `define_font'.
Lua-only attribute luaotfload_color_attribute = 2
luaotfload | conf : Root cache directory is "C:/texlive/2023/texmf-var/luatex-cache/generic/names".
Inserting `luaotfload.harf.strip_prefix' in `find_opentype_file'.
Inserting `luaotfload.harf.strip_prefix' in `find_truetype_file'.
Removing  `luaotfload.glyph_stream' from `glyph_stream_provider'.
Inserting `luaotfload.harf.glyphstream' in `glyph_stream_provider'.
Inserting `luaotfload.harf.finalize_vlist' in `post_linebreak_filter'.
Inserting `luaotfload.harf.finalize_hlist' in `hpack_filter'.
Inserting `luaotfload.cleanup_files' in `wrapup_run'.
Inserting `luaotfload.harf.finalize_unicode' in `finish_pdffile'.
Inserting `luaotfload.glyphinfo' in `glyph_info'.
Lua-only attribute luaotfload.letterspace_done = 3
Inserting `luaotfload.aux.set_sscale_dimens' in `luaotfload.patch_font'.
Inserting `luaotfload.aux.set_font_index' in `luaotfload.patch_font'.
Inserting `luaotfload.aux.patch_cambria_domh' in `luaotfload.patch_font'.
Inserting `luaotfload.aux.fixup_fontdata' in `luaotfload.patch_font_unsafe'.
Inserting `luaotfload.aux.set_capheight' in `luaotfload.patch_font'.
Inserting `luaotfload.aux.set_xheight' in `luaotfload.patch_font'.
Inserting `luaotfload.rewrite_fontname' in `luaotfload.patch_font'. L3 programming layer <2023-02-22>
Inserting `tracingstacklevels' in `input_level_string'. (c:/texlive/2023/texmf-dist/tex/latex/jlreq/jlreq.cls
Document Class: jlreq 2023/03/05 jlreq
(c:/texlive/2023/texmf-dist/tex/latex/l3packages/l3keys2e/l3keys2e.sty (c:/texlive/2023/texmf-dist/tex/latex/l3kernel/expl3.sty
Package: expl3 2023-02-22 L3 programming layer (loader) 
 (c:/texlive/2023/texmf-dist/tex/latex/l3backend/l3backend-luatex.def
File: l3backend-luatex.def 2023-01-16 L3 backend support: PDF output (LuaTeX)
\l__color_backend_stack_int=\count183
\l__pdf_internal_box=\box51
))
Package: l3keys2e 2023-02-02 LaTeX2e option processing using LaTeX3 keys
) (c:/texlive/2023/texmf-dist/tex/latex/etoolbox/etoolbox.sty
Package: etoolbox 2020/10/05 v2.5k e-TeX tools for LaTeX (JAW)
\etb@tempcnta=\count184
) (c:/texlive/2023/texmf-dist/tex/latex/jlreq/jlreq-helpers.sty
Package: jlreq-helpers 2022/11/28 jlreq-helpers
\jlreq@tempcnta=\count185
\jlreq@tempcntb=\count186
\jlreq@tempcntc=\count187
\jlreq@tempdima=\dimen139
\jlreq@tempdimb=\dimen140
\jlreq@tempdimc=\dimen141
\jlreq@tempskipa=\skip48
\jlreq@tempskipb=\skip49
\jlreq@tempskipc=\skip50
\jlreq@tempboxa=\box52
\jlreq@tempboxb=\box53
\jlreq@tempboxc=\box54
\jlreq@resultdimen=\dimen142
\jlreq@resultskip=\skip51
\jlreq@resultbox=\box55
\jlreq@resultcnt=\count188
\jlreq@reference@count=\count189
\jlreq@currentpage=\count190
)
\l__jlreq_tmpa_int=\count191
\l__jlreq_tmpa_dim=\dimen143
\l_jlreq_tmpa_skip=\skip52
\l_jlreq_tmpa_box=\box56
\l_jlreq_tmpb_box=\box57
\l_jlreq_tmpc_box=\box58
 (c:/texlive/2023/texmf-dist/tex/luatex/luatexja/luatexja.sty
Package: luatexja 2023-02-11 Japanese Typesetting with Lua(La)TeX
 (c:/texlive/2023/texmf-dist/tex/luatex/luatexja/luatexja-core.sty
Package: luatexja-core 2023-02-11 Core of LuaTeX-ja
 (c:/texlive/2023/texmf-dist/tex/luatex/luatexbase/luatexbase.sty
Package: luatexbase 2015/10/04 v1.3 luatexbase interface to LuaTeX 
 (c:/texlive/2023/texmf-dist/tex/luatex/ctablestack/ctablestack.sty
Package: ctablestack 2015/10/01 v1.0 Catcode table stable support
\@catcodetablestackcnt=\count192
)
\CatcodeTableOther=\catcodetable12
\CatcodeTableExpl=\catcodetable13
) (c:/texlive/2023/texmf-dist/tex/generic/ltxcmds/ltxcmds.sty
Package: ltxcmds 2020-05-10 v1.25 LaTeX kernel commands for general use (HO)
) (c:/texlive/2023/texmf-dist/tex/generic/pdftexcmds/pdftexcmds.sty
Package: pdftexcmds 2020-06-27 v0.33 Utility functions of pdfTeX for LuaTeX (HO)
 (c:/texlive/2023/texmf-dist/tex/generic/infwarerr/infwarerr.sty
Package: infwarerr 2019/12/03 v1.5 Providing info/warning/error messages (HO)
) (c:/texlive/2023/texmf-dist/tex/generic/iftex/iftex.sty
Package: iftex 2022/02/03 v1.0f TeX engine tests
)
Package pdftexcmds Info: \pdf@primitive is available.
Package pdftexcmds Info: \pdf@ifprimitive is available.
Package pdftexcmds Info: \pdfdraftmode found.
\pdftexcmds@toks=\toks16
) (c:/texlive/2023/texmf-dist/tex/latex/xkeyval/xkeyval.sty
Package: xkeyval 2022/06/16 v2.9 package option processing (HA)
 (c:/texlive/2023/texmf-dist/tex/generic/xkeyval/xkeyval.tex (c:/texlive/2023/texmf-dist/tex/generic/xkeyval/xkvutils.tex
\XKV@toks=\toks17
\XKV@tempa@toks=\toks18
 (c:/texlive/2023/texmf-dist/tex/generic/xkeyval/keyval.tex))
\XKV@depth=\count193
File: xkeyval.tex 2014/12/03 v2.7a key=value parser (HA)
)) (c:/texlive/2023/texmf-dist/tex/latex/everyhook/everyhook.sty (c:/texlive/2023/texmf-dist/tex/latex/svn-prov/svn-prov.sty
Package: svn-prov 2010/04/24 v3.1862 Package Date/Version from SVN Keywords
)
Package: everyhook 2014/11/26 v1.2 (SVN Rev: 12)\ Hooks for low level TeX everyX primitives.
\everypar=\toks19
\frozen@everymath=\toks20
\frozen@everydisplay=\toks21
\everyhbox=\toks22
\everyvbox=\toks23
\everycr=\toks24
)
\ltjlineendcomment=\count194
\ltj@dimen@zw=\dimen144
\ltj@dimen@zh=\dimen145
\ltj@dimen@jQ=\dimen146
\ltj@icflag=\attribute4
\ltj@curjfnt=\attribute5
\ltj@curtfnt=\attribute6
\ltj@charclass=\attribute7
\ltj@charcode=\attribute8
\ltj@autospc=\attribute9
\ltj@autoxspc=\attribute10
\ltj@yablshift=\attribute11
\ltj@ykblshift=\attribute12
\ltj@tablshift=\attribute13
\ltj@tkblshift=\attribute14
\jfam=\attribute15
\ltj@vert@ori=\attribute16
\ltj@dir=\attribute17
\ltj@@japanese=\language2
\ltj@tempcnta=\count195
\ltj@tempdima=\dimen147
\ltj@@stack=\count196
\ltj@@group@level=\count197
\ltj@kcat0=\attribute18
\ltj@kcat1=\attribute19
\ltj@kcat2=\attribute20
\ltj@kcat3=\attribute21
\ltj@kcat4=\attribute22
\ltj@kcat5=\attribute23
\ltj@kcat6=\attribute24
Custom whatsit inhibitglue = 1
Custom whatsit stack_marker = 2
Custom whatsit begin_par = 3
Custom whatsit direction = 4
Custom whatsit box_boundary = 5
Custom whatsit ja_al_boundary = 6(load cache: ltj-cid-auto-adobe-japan1.luc)
Lua module: luatexja.charrange 2022-08-19 Handling the range of Japanese characters
Lua module: luatexja.stack 2022-08-20 LuaTeX-ja stack system
Inserting `ltj.create_dir_whatsit' in `hpack_filter'.
Inserting `ltj.create_dir_whatsit' in `post_linebreak_filter'.
Inserting `ltj.direction' in `vpack_filter'.
Inserting `ltj.direction' in `pre_output_filter'.
Inserting `ltj.lineskip' in `post_linebreak_filter'.
Inserting `ltj.lineskip' in `append_to_vlist_filter'.
Lua module: luatexja.jfont 2022-08-20 Loader for Japanese fonts
Removing  `luaotfload.define_font' from `define_font'.
Inserting `luatexja.font_callback' in `define_font'.
Removing  `luaotfload.aux.set_sscale_dimens' from `luaotfload.patch_font'.
Removing  `luaotfload.aux.set_font_index' from `luaotfload.patch_font'.
Removing  `luaotfload.aux.patch_cambria_domh' from `luaotfload.patch_font'.
Removing  `luaotfload.aux.set_capheight' from `luaotfload.patch_font'.
Removing  `luaotfload.aux.set_xheight' from `luaotfload.patch_font'.
Removing  `luaotfload.rewrite_fontname' from `luaotfload.patch_font'.
Inserting `ltj.prepare_extra_data' in `luaotfload.patch_font'.
Inserting `luaotfload.aux.set_sscale_dimens' in `luaotfload.patch_font'.
Inserting `luaotfload.aux.set_font_index' in `luaotfload.patch_font'.
Inserting `luaotfload.aux.patch_cambria_domh' in `luaotfload.patch_font'.
Inserting `luaotfload.aux.set_capheight' in `luaotfload.patch_font'.
Inserting `luaotfload.aux.set_xheight' in `luaotfload.patch_font'.
Inserting `luaotfload.rewrite_fontname' in `luaotfload.patch_font'.
Inserting `ltj.prepare_extra_data' in `luatexja.define_font'.
Inserting `ltj.get_vert_form' in `luatexja.define_jfont'.
Removing  `ltj.prepare_extra_data' from `luaotfload.patch_font'.
Removing  `luaotfload.aux.set_sscale_dimens' from `luaotfload.patch_font'.
Removing  `luaotfload.aux.set_font_index' from `luaotfload.patch_font'.
Removing  `luaotfload.aux.patch_cambria_domh' from `luaotfload.patch_font'.
Removing  `luaotfload.aux.set_capheight' from `luaotfload.patch_font'.
Removing  `luaotfload.aux.set_xheight' from `luaotfload.patch_font'.
Removing  `luaotfload.rewrite_fontname' from `luaotfload.patch_font'.
Inserting `ltj.supply_tounicode' in `luaotfload.patch_font'.
Inserting `ltj.prepare_extra_data' in `luaotfload.patch_font'.
Inserting `luaotfload.aux.set_sscale_dimens' in `luaotfload.patch_font'.
Inserting `luaotfload.aux.set_font_index' in `luaotfload.patch_font'.
Inserting `luaotfload.aux.patch_cambria_domh' in `luaotfload.patch_font'.
Inserting `luaotfload.aux.set_capheight' in `luaotfload.patch_font'.
Inserting `luaotfload.aux.set_xheight' in `luaotfload.patch_font'.
Inserting `luaotfload.rewrite_fontname' in `luaotfload.patch_font'.
Inserting `ltj.process_input_buffer' in `process_input_buffer'.
Inserting `ltj.hyphenate' in `hyphenate'.
Removing  `luaotfload.node_processor' from `hpack_filter'.
Removing  `luaotfload.harf.finalize_hlist' from `hpack_filter'.
Removing  `ltj.create_dir_whatsit' from `hpack_filter'.
Inserting `ltj.set_stack_level' in `hpack_filter'.
Inserting `luaotfload.node_processor' in `hpack_filter'.
Inserting `luaotfload.harf.finalize_hlist' in `hpack_filter'.
Inserting `ltj.create_dir_whatsit' in `hpack_filter'.
Removing  `luaotfload.node_processor' from `pre_linebreak_filter'.
Inserting `ltj.set_stack_level' in `pre_linebreak_filter'.
Inserting `luaotfload.node_processor' in `pre_linebreak_filter'.
Lua module: luatexja.jfmglue 2022-08-29 Insertion process of JFM glues, [x]kanjiskip and others
Inserting `luatexja.beginpar.np_info' in `luatexja.jfmglue.whatsit_getinfo'.
Inserting `luatexja.beginpar.np_info_after' in `luatexja.jfmglue.whatsit_after'.
Inserting `ltj.mlist_to_hlist_pre' in `pre_mlist_to_hlist_filter'.
Inserting `ltj.main' in `pre_linebreak_filter'.
Removing  `luaotfload.harf.finalize_hlist' from `hpack_filter'.
Removing  `ltj.create_dir_whatsit' from `hpack_filter'.
Inserting `ltj.main' in `hpack_filter'.
Inserting `luaotfload.harf.finalize_hlist' in `hpack_filter'.
Inserting `ltj.create_dir_whatsit' in `hpack_filter'.
Removing  `ltj.set_stack_level' from `pre_linebreak_filter'.
Removing  `luaotfload.node_processor' from `pre_linebreak_filter'.
Removing  `ltj.main' from `pre_linebreak_filter'.
Inserting `ltj.adjust_icflag' in `pre_linebreak_filter'.
Inserting `ltj.set_stack_level' in `pre_linebreak_filter'.
Inserting `luaotfload.node_processor' in `pre_linebreak_filter'.
Inserting `ltj.main' in `pre_linebreak_filter'.
Removing  `ltj.set_stack_level' from `hpack_filter'.
Removing  `luaotfload.node_processor' from `hpack_filter'.
Removing  `ltj.main' from `hpack_filter'.
Removing  `luaotfload.harf.finalize_hlist' from `hpack_filter'.
Removing  `ltj.create_dir_whatsit' from `hpack_filter'.
Inserting `ltj.adjust_icflag' in `hpack_filter'.
Inserting `ltj.set_stack_level' in `hpack_filter'.
Inserting `luaotfload.node_processor' in `hpack_filter'.
Inserting `ltj.main' in `hpack_filter'.
Inserting `luaotfload.harf.finalize_hlist' in `hpack_filter'.
Inserting `ltj.create_dir_whatsit' in `hpack_filter'. (c:/texlive/2023/texmf-dist/tex/luatex/luatexja/ltj-base.sty
Package: ltj-base 2021-03-16
\ltj@tempcntb=\count198
\ltj@tempcntc=\count199
\ltj@afbox=\box59
)
\ltj@@italic@inner=\luafunction26
\ltj@@start@time@measure@inner=\luafunction27
\ltj@@stop@time@measure@inner=\luafunction28
\ltj@@jfont@inner=\luafunction29
\ltj@zw@inner=\luafunction30
\ltj@zh@inner=\luafunction31
\ltj@reset@globaldefs@inner=\luafunction32
\ltj@restore@globaldefs@inner=\luafunction33
\ltj@@disihb@inner=\luafunction34
\ltj@@ihb@inner=\luafunction35
\ltj@@fakeparbegin@inner=\luafunction36
\ltj@@fakeboxbdd@inner=\luafunction37
\ltj@@ins@xk@inner=\luafunction38
\ltj@@ins@k@inner=\luafunction39
\ltjsetkanjiskip@inner=\luafunction40
\ltjsetxkanjiskip@inner=\luafunction41
\ltj@@getparam@one@inner=\luafunction42
\ltj@alljachar@inner=\luafunction43
\ltj@@lua@populate@insertwhatsit@inner=\luafunction44
\ltj@@vadjust@begin@inner=\luafunction45
\ltj@@vadjust@dirhook@inner=\luafunction46
\ltj@@vadjust@check@dir@inner=\luafunction47
\ltj@@box@dirhook@inner=\luafunction48
\ltj@@reset@badness@inner=\luafunction49
\ltj@@lua@raisebox@inner=\luafunction50
\ltj@@vsplit@inner=\luafunction51
\ltj@@lua@unboxcheckdir@inner=\luafunction52
\ltj@@lua@uncopycheckdir@inner=\luafunction53
\ltj@@lua@uncopy@restore@whatsit@inner=\luafunction54
(load cache: ltj-kinsoku_default.luc) (c:/texlive/2023/texmf-dist/tex/luatex/luatexja/ltj-latex.sty
Package: ltj-latex 2022-10-15 LaTeX support of LuaTeX-ja
Inserting `ltj.direction' in `pre_shipout_filter'. (c:/texlive/2023/texmf-dist/tex/luatex/luatexja/patches/lltjfont.sty
Package: lltjfont 2021-05-26 Patch to NFSS2 for LuaTeX-ja
\ltj@@latex@plv=\count266
 (c:/texlive/2023/texmf-dist/tex/latex/base/tuenc.def
File: tuenc.def 2021/04/29 v2.0v Standard LaTeX file
\@remove@tlig@@@=\luafunction55
LaTeX Font Info:    Redeclaring font encoding TU on input line 105.
)
\Cht=\dimen148
\cht=\dimen149
\Cdp=\dimen150
\cdp=\dimen151
\Cwd=\dimen152
\cwd=\dimen153
\Cvs=\dimen154
\cvs=\dimen155
\Chs=\dimen156
\chs=\dimen157
\cHT=\dimen158
\dstrutbox=\box60
\tstrutbox=\box61
\zstrutbox=\box62
LaTeX Info: Redefining \strut on input line 91.
\ltj@@add@fenc@@inner=\luafunction56
\ltj@@add@kyenc@@inner=\luafunction57
\ltj@@add@ktenc@@inner=\luafunction58
\ltj@@is@kyenc@@inner=\luafunction59
\ltj@@is@ktenc@@inner=\luafunction60
\ltj@@is@kenc@@inner=\luafunction61
\ltj@@is@ffam@@inner=\luafunction62
\ltj@@add@ffam@@inner=\luafunction63
\ltj@@add@kfam@@inner=\luafunction64
\ltj@@adjust@baseline@inner=\luafunction65
LaTeX Info: Redefining \fontencoding on input line 646.
LaTeX Info: Redefining \fontfamily on input line 689.
LaTeX Info: Redefining \fontseries on input line 923.
LaTeX Info: Redefining \fontseriesforce on input line 924.
LaTeX Info: Redefining \fontshape on input line 944.
LaTeX Info: Redefining \fontshapeforce on input line 955.
\ltj@@jfont@@jfmonly@@inner=\luafunction66
\ltj@@does@alt@set@@inner=\luafunction67
) (c:/texlive/2023/texmf-dist/tex/luatex/luatexja/patches/lltjdefs.sty
Package: lltjdefs 2022-01-23 Default font settings of LuaTeX-ja
luaotfload | db : Font names database loaded from C:/texlive/2023/texmf-var/luatex-cache/generic/names/luaotfload-names.luc.gz(load cache: extra_lmroman10-regular.luc)
LaTeX Font Info:    Font shape `JT3/mc/m/n' will be
(Font)              scaled to size 9.6222pt on input line 79.

(c:/texlive/2023/texmf-dist/tex/luatex/jlreq/jfm-jlreqv.lua)
LaTeX Font Info:    Font shape `JY3/mc/m/n' will be
(Font)              scaled to size 9.6222pt on input line 79.
(load cache: extra_haranoajimincho-regular.luc)
(c:/texlive/2023/texmf-dist/tex/luatex/jlreq/jfm-jlreq.lua)
\symmincho=\mathgroup4
LaTeX Font Info:    Overwriting symbol font `mincho' in version `bold'
(Font)                  JY3/mc/m/n --> JY3/gt/m/n on input line 88.
) (c:/texlive/2023/texmf-dist/tex/luatex/luatexja/patches/lltjcore.sty
Package: lltjcore 2022-05-30 Patch to LaTeX2e Kernel for LuaTeX-ja
\@tombowwidth=\dimen159
\@TL=\box63
\@Tl=\box64
\@TC=\box65
\@TR=\box66
\@Tr=\box67
\@BL=\box68
\@Bl=\box69
\@BC=\box70
\@BR=\box71
\@Br=\box72
\@CL=\box73
\@CR=\box74
(load cache: extra_lmmono9-regular.luc)
\@bannertoken=\toks25
\@@paperheight=\dimen160
\@@paperwidth=\dimen161
\@@topmargin=\dimen162
LaTeX Info: Redefining \underline on input line 266.
) (c:/texlive/2023/texmf-dist/tex/luatex/luatexja/patches/lltjp-atbegshi.sty
Package: lltjp-atbegshi 2022-08-12 Patching \shipout hooks for LuaTeX-ja
\l__platex_shipout_dummy_box=\box75
) (c:/texlive/2023/texmf-dist/tex/luatex/luatexja/patches/lltjp-geometry.sty
Package: lltjp-geometry 2021-10-24 Patch to geometry for LuaTeX-ja with vertical writing mode
 (c:/texlive/2023/texmf-dist/tex/generic/iftex/ifluatex.sty
Package: ifluatex 2019/10/25 v1.5 ifluatex legacy package. Use iftex instead.
)))
\ltj@temp@cctb=\catcodetable14
) (c:/texlive/2023/texmf-dist/tex/luatex/luatexja/luatexja-compat.sty
Package: luatexja-compat 2020-08-08 Compatibility with pTeX
(load cache: ltj-jisx0208.luc)
\hour=\count267
\minute=\count268
)) (c:/texlive/2023/texmf-dist/tex/luatex/luatexja/addons/luatexja-adjust.sty
Package: luatexja-adjust 2022-02-11
Custom whatsit ghost of a jachar = 7
Removing  `luatexja.beginpar.np_info' from `luatexja.jfmglue.whatsit_getinfo'.
Inserting `ghost of a JACHAR' in `luatexja.jfmglue.whatsit_getinfo'.
Inserting `luatexja.beginpar.np_info' in `luatexja.jfmglue.whatsit_getinfo'.
Removing  `luatexja.beginpar.np_info_after' from `luatexja.jfmglue.whatsit_after'.
Inserting `ghost of a JACHAR' in `luatexja.jfmglue.whatsit_after'.
Inserting `luatexja.beginpar.np_info_after' in `luatexja.jfmglue.whatsit_after'.
\ltjadj@status@le=\count269
\ltjadj@status@lp=\count270
\ltjadj@status@pr=\count271
\ltjadj@status@ls=\count272
Removing  `ltj.create_dir_whatsit' from `post_linebreak_filter'.
Removing  `ltj.lineskip' from `post_linebreak_filter'.
Inserting `Adjust width' in `post_linebreak_filter'.
Inserting `ltj.create_dir_whatsit' in `post_linebreak_filter'.
Inserting `ltj.lineskip' in `post_linebreak_filter'.
\ltj@@ghost@jachar@inner@both=\luafunction68
\ltj@@ghost@jachar@inner@before=\luafunction69
\ltj@@ghost@jachar@inner@after=\luafunction70
)
Inserting `luatexja.adjust' in `luatexja.adjust_jfmglue'.
\jlreq@current@linewidth=\dimen163
\jlreq@rest@linewidth=\dimen164
\jlreq@lastnodechar=\count273
\jlreq@fontsize=\dimen165
\jlreq@jafontsize=\dimen166
 (c:/texlive/2023/texmf-dist/tex/latex/lm/lmodern.sty
Package: lmodern 2015/05/01 v1.6.1 Latin Modern Fonts
LaTeX Font Info:    Overwriting symbol font `operators' in version `normal'
(Font)                  OT1/cmr/m/n --> OT1/lmr/m/n on input line 22.
LaTeX Font Info:    Overwriting symbol font `letters' in version `normal'
(Font)                  OML/cmm/m/it --> OML/lmm/m/it on input line 23.
LaTeX Font Info:    Overwriting symbol font `symbols' in version `normal'
(Font)                  OMS/cmsy/m/n --> OMS/lmsy/m/n on input line 24.
LaTeX Font Info:    Overwriting symbol font `largesymbols' in version `normal'
(Font)                  OMX/cmex/m/n --> OMX/lmex/m/n on input line 25.
LaTeX Font Info:    Overwriting symbol font `operators' in version `bold'
(Font)                  OT1/cmr/bx/n --> OT1/lmr/bx/n on input line 26.
LaTeX Font Info:    Overwriting symbol font `letters' in version `bold'
(Font)                  OML/cmm/b/it --> OML/lmm/b/it on input line 27.
LaTeX Font Info:    Overwriting symbol font `symbols' in version `bold'
(Font)                  OMS/cmsy/b/n --> OMS/lmsy/b/n on input line 28.
LaTeX Font Info:    Overwriting symbol font `largesymbols' in version `bold'
(Font)                  OMX/cmex/m/n --> OMX/lmex/m/n on input line 29.
LaTeX Font Info:    Overwriting math alphabet `\mathbf' in version `normal'
(Font)                  OT1/cmr/bx/n --> OT1/lmr/bx/n on input line 31.
LaTeX Font Info:    Overwriting math alphabet `\mathsf' in version `normal'
(Font)                  OT1/cmss/m/n --> OT1/lmss/m/n on input line 32.
LaTeX Font Info:    Overwriting math alphabet `\mathit' in version `normal'
(Font)                  OT1/cmr/m/it --> OT1/lmr/m/it on input line 33.
LaTeX Font Info:    Overwriting math alphabet `\mathtt' in version `normal'
(Font)                  OT1/cmtt/m/n --> OT1/lmtt/m/n on input line 34.
LaTeX Font Info:    Overwriting math alphabet `\mathbf' in version `bold'
(Font)                  OT1/cmr/bx/n --> OT1/lmr/bx/n on input line 35.
LaTeX Font Info:    Overwriting math alphabet `\mathsf' in version `bold'
(Font)                  OT1/cmss/bx/n --> OT1/lmss/bx/n on input line 36.
LaTeX Font Info:    Overwriting math alphabet `\mathit' in version `bold'
(Font)                  OT1/cmr/bx/it --> OT1/lmr/bx/it on input line 37.
LaTeX Font Info:    Overwriting math alphabet `\mathtt' in version `bold'
(Font)                  OT1/cmtt/m/n --> OT1/lmtt/m/n on input line 38.
)
LaTeX Font Info:    Font shape `JY3/mc/m/n' will be
(Font)              scaled to size 10.0pt on input line 1208.
\jlreq@baselineskip=\dimen167
\jlreq@omotekeiwidth=\dimen168
\jlreq@chuubusokeiwidth=\dimen169
\jlreq@urakeiwidth=\dimen170
\jlreq@sidenote@length=\dimen171
\jlreq@sidenote@sep=\dimen172
(load cache: extra_lmroman8-regular.luc)
LaTeX Font Info:    Font shape `JT3/mc/m/n' will be
(Font)              scaled to size 8.00003pt on input line 1395.
LaTeX Font Info:    Font shape `JY3/mc/m/n' will be
(Font)              scaled to size 8.00003pt on input line 1395.
\jlreq@BlockHeading@start@label@box=\box76
\jlreq@BlockHeading@spaces@current@count=\count274
\c@part=\count275
\c@chapter=\count276
\c@section=\count277
\c@subsection=\count278
\c@subsubsection=\count279
\c@paragraph=\count280
\c@subparagraph=\count281
\jlreq@endnote@prepostspace=\dimen173
\jlreq@endnote@indent=\dimen174
\jlreq@PageStyle@box=\box77
\abovecaptionskip=\skip53
\belowcaptionskip=\skip54
\c@figure=\count282
\c@table=\count283
\jlreq@abstractbox=\box78
\toclineskip=\skip55
\@lnumwidth=\dimen175
\jlreq@top@contents=\count284
(load cache: extra_lmroman9-regular.luc)
LaTeX Font Info:    Font shape `JT3/mc/m/n' will be
(Font)              scaled to size 8.99994pt on input line 6386.
LaTeX Font Info:    Font shape `JY3/mc/m/n' will be
(Font)              scaled to size 8.99994pt on input line 6386.
 (c:/texlive/2023/texmf-dist/tex/latex/jlreq/jlreq-complements.sty
Package: jlreq-complements 2022/11/28 jlreq-complements
 (c:/texlive/2023/texmf-dist/tex/latex/filehook/filehook.sty
Package: filehook 2022/10/25 v0.8b Hooks for input files
 (c:/texlive/2023/texmf-dist/tex/latex/filehook/filehook-2020.sty
Package: filehook-2020 2022/10/25 v0.8b Hooks for input files
)))) (./usepackage.tex (c:/texlive/2023/texmf-dist/tex/luatex/luatexja/addons/luatexja-fontspec.sty
Package: luatexja-fontspec 2020-09-14 fontspec support of LuaTeX-ja
(load cache: extra_lmroman17-regular.luc)
LaTeX Font Info:    Font shape `JT3/mc/m/n' will be
(Font)              scaled to size 16.0pt on input line 16.
LaTeX Font Info:    Font shape `JY3/mc/m/n' will be
(Font)              scaled to size 16.0pt on input line 16.
 (c:/texlive/2023/texmf-dist/tex/latex/fontspec/fontspec.sty (c:/texlive/2023/texmf-dist/tex/latex/l3packages/xparse/xparse.sty
Package: xparse 2023-02-02 L3 Experimental document command parser
)
Package: fontspec 2022/01/15 v2.8a Font selection for XeLaTeX and LuaLaTeX
Lua module: fontspec 2022/01/15 2.8a Font selection for XeLaTeX and LuaLaTeX (c:/texlive/2023/texmf-dist/tex/latex/fontspec/fontspec-luatex.sty
Package: fontspec-luatex 2022/01/15 v2.8a Font selection for XeLaTeX and LuaLaTeX
\l__fontspec_script_int=\count285
\l__fontspec_language_int=\count286
\l__fontspec_strnum_int=\count287
\l__fontspec_tmp_int=\count288
\l__fontspec_tmpa_int=\count289
\l__fontspec_tmpb_int=\count290
\l__fontspec_tmpc_int=\count291
\l__fontspec_em_int=\count292
\l__fontspec_emdef_int=\count293
\l__fontspec_strong_int=\count294
\l__fontspec_strongdef_int=\count295
\l__fontspec_tmpa_dim=\dimen176
\l__fontspec_tmpb_dim=\dimen177
\l__fontspec_tmpc_dim=\dimen178
 (c:/texlive/2023/texmf-dist/tex/latex/base/fontenc.sty
Package: fontenc 2021/04/29 v2.0v Standard LaTeX package
) (c:/texlive/2023/texmf-dist/tex/latex/fontspec/fontspec.cfg)(load cache: extra_lmroman10-bold.luc)
LaTeX Font Info:    Font shape `JT3/mc/b/n' in size <10> not available
(Font)              Font shape `JT3/gt/m/n' tried instead on input line 3901.
LaTeX Font Info:    Font shape `JT3/gt/m/n' will be
(Font)              scaled to size 10.0pt on input line 3901.
LaTeX Font Info:    Font shape `JY3/mc/b/n' in size <10> not available
(Font)              Font shape `JY3/gt/m/n' tried instead on input line 3901.
LaTeX Font Info:    Font shape `JY3/gt/m/n' will be
(Font)              scaled to size 10.0pt on input line 3901.
(load cache: extra_haranoajigothic-medium.luc))) (c:/texlive/2023/texmf-dist/tex/luatex/luatexja/patches/lltjp-fontspec.sty) (c:/texlive/2023/texmf-dist/tex/luatex/luatexja/addons/luatexja-fontspec-27c.sty
Package: luatexja-fontspec-27c 2020-04-04 fontspec support of LuaTeX-ja
\g__ltj_fontspec_altnumber_int=\count296
))
luaotfload | cache : Lookup cache loaded from C:/texlive/2023/texmf-var/luatex-cache/generic/names/luaotfload-lookup-cache.luc.(load cache: extra_timesnewromanpsmt.luc)(load cache: extra_timesnewromanps-bolditalicmt.luc)(load cache: extra_timesnewromanps-boldmt.luc)(load cache: extra_timesnewromanps-italicmt.luc)

Package fontspec Info: Font family 'TimesNewRoman(0)' created for font 'Times
(fontspec)             New Roman' with options [Ligatures=TeX].
(fontspec)              
(fontspec)              This font family consists of the following NFSS
(fontspec)             series/shapes:
(fontspec)              
(fontspec)             - 'normal' (m/n) with NFSS spec.:
(fontspec)             <->"TimesNewRoman:mode=node;script=latn;language=dflt;+tlig;"
(fontspec)             - 'small caps'  (m/sc) with NFSS spec.:
(fontspec)             <->"TimesNewRoman:mode=node;script=latn;language=dflt;+tlig;+smcp;"
(fontspec)             - 'bold' (b/n) with NFSS spec.:
(fontspec)             <->"TimesNewRoman/B:mode=node;script=latn;language=dflt;+tlig;"
(fontspec)             - 'bold small caps'  (b/sc) with NFSS spec.:
(fontspec)             <->"TimesNewRoman/B:mode=node;script=latn;language=dflt;+tlig;+smcp;"
(fontspec)             - 'italic' (m/it) with NFSS spec.:
(fontspec)             <->"TimesNewRoman/I:mode=node;script=latn;language=dflt;+tlig;"
(fontspec)             - 'italic small caps'  (m/scit) with NFSS spec.:
(fontspec)             <->"TimesNewRoman/I:mode=node;script=latn;language=dflt;+tlig;+smcp;"
(fontspec)             - 'bold italic' (b/it) with NFSS spec.:
(fontspec)             <->"TimesNewRoman/BI:mode=node;script=latn;language=dflt;+tlig;"
(fontspec)             - 'bold italic small caps'  (b/scit) with NFSS spec.:
(fontspec)             <->"TimesNewRoman/BI:mode=node;script=latn;language=dflt;+tlig;+smcp;"

(load cache: extra_arialmt.luc)(load cache: extra_arial-bolditalicmt.luc)(load cache: extra_arial-boldmt.luc)(load cache: extra_arial-italicmt.luc)

Package fontspec Info: Font family 'Arial(0)' created for font 'Arial' with
(fontspec)             options [Ligatures=TeX].
(fontspec)              
(fontspec)              This font family consists of the following NFSS
(fontspec)             series/shapes:
(fontspec)              
(fontspec)             - 'normal' (m/n) with NFSS spec.:
(fontspec)             <->"Arial:mode=node;script=latn;language=dflt;+tlig;"
(fontspec)             - 'small caps'  (m/sc) with NFSS spec.:
(fontspec)             <->"Arial:mode=node;script=latn;language=dflt;+tlig;+smcp;"
(fontspec)             - 'bold' (b/n) with NFSS spec.:
(fontspec)             <->"Arial/B:mode=node;script=latn;language=dflt;+tlig;"
(fontspec)             - 'bold small caps'  (b/sc) with NFSS spec.:
(fontspec)             <->"Arial/B:mode=node;script=latn;language=dflt;+tlig;+smcp;"
(fontspec)             - 'italic' (m/it) with NFSS spec.:
(fontspec)             <->"Arial/I:mode=node;script=latn;language=dflt;+tlig;"
(fontspec)             - 'italic small caps'  (m/scit) with NFSS spec.:
(fontspec)             <->"Arial/I:mode=node;script=latn;language=dflt;+tlig;+smcp;"
(fontspec)             - 'bold italic' (b/it) with NFSS spec.:
(fontspec)             <->"Arial/BI:mode=node;script=latn;language=dflt;+tlig;"
(fontspec)             - 'bold italic small caps'  (b/scit) with NFSS spec.:
(fontspec)             <->"Arial/BI:mode=node;script=latn;language=dflt;+tlig;+smcp;"

(load cache: extra_plemoljp-regular.luc)(load cache: extra_plemoljp-bolditalic.luc)(load cache: extra_plemoljp-bold.luc)(load cache: extra_plemoljp-italic.luc)
luaotfload | aux : font no 54 (nil) does not define feature smcp for script latn with language dflt
luaotfload | aux : font no 55 (nil) does not define feature smcp for script latn with language dflt
luaotfload | aux : font no 56 (nil) does not define feature smcp for script latn with language dflt
luaotfload | aux : font no 57 (nil) does not define feature smcp for script latn with language dflt

Package fontspec Info: Font family 'PlemolJP(0)' created for font 'PlemolJP'
(fontspec)             with options
(fontspec)             [WordSpace={1,0,0},HyphenChar=None,PunctuationSpace=WordSpace].
(fontspec)              
(fontspec)              This font family consists of the following NFSS
(fontspec)             series/shapes:
(fontspec)              
(fontspec)             - 'normal' (m/n) with NFSS spec.:
(fontspec)             <->"PlemolJP:mode=node;script=latn;language=dflt;"
(fontspec)             - 'small caps'  (m/sc) with NFSS spec.: 
(fontspec)             and font adjustment code:
(fontspec)             \fontdimen 2\font =1\fontdimen 2\font \fontdimen 3\font
(fontspec)             =0\fontdimen 3\font \fontdimen 4\font =0\fontdimen
(fontspec)             4\font \fontdimen 7\font =0\fontdimen 2\font
(fontspec)             \tex_hyphenchar:D \font =-1\scan_stop: 
(fontspec)             - 'bold' (b/n) with NFSS spec.:
(fontspec)             <->"PlemolJP/B:mode=node;script=latn;language=dflt;"
(fontspec)             - 'bold small caps'  (b/sc) with NFSS spec.: 
(fontspec)             and font adjustment code:
(fontspec)             \fontdimen 2\font =1\fontdimen 2\font \fontdimen 3\font
(fontspec)             =0\fontdimen 3\font \fontdimen 4\font =0\fontdimen
(fontspec)             4\font \fontdimen 7\font =0\fontdimen 2\font
(fontspec)             \tex_hyphenchar:D \font =-1\scan_stop: 
(fontspec)             - 'italic' (m/it) with NFSS spec.:
(fontspec)             <->"PlemolJP/I:mode=node;script=latn;language=dflt;"
(fontspec)             - 'italic small caps'  (m/scit) with NFSS spec.: 
(fontspec)             and font adjustment code:
(fontspec)             \fontdimen 2\font =1\fontdimen 2\font \fontdimen 3\font
(fontspec)             =0\fontdimen 3\font \fontdimen 4\font =0\fontdimen
(fontspec)             4\font \fontdimen 7\font =0\fontdimen 2\font
(fontspec)             \tex_hyphenchar:D \font =-1\scan_stop: 
(fontspec)             - 'bold italic' (b/it) with NFSS spec.:
(fontspec)             <->"PlemolJP/BI:mode=node;script=latn;language=dflt;"
(fontspec)             - 'bold italic small caps'  (b/scit) with NFSS spec.: 
(fontspec)             and font adjustment code:
(fontspec)             \fontdimen 2\font =1\fontdimen 2\font \fontdimen 3\font
(fontspec)             =0\fontdimen 3\font \fontdimen 4\font =0\fontdimen
(fontspec)             4\font \fontdimen 7\font =0\fontdimen 2\font
(fontspec)             \tex_hyphenchar:D \font =-1\scan_stop: 

(load cache: extra_notoserifjp-regular.luc)(load cache: extra_notosansjp-bold.luc)

Package fontspec Info: Font family 'NotoSerifJP(0)' created for font 'Noto
(fontspec)             Serif JP' with options
(fontspec)             [YokoFeatures={JFM=jlreq},TateFeatures={JFM=jlreqv},Scale=1,Kerning=Off,Script=CJK,BoldFont
(fontspec)             = Noto Sans JP-Bold,ItalicFont = Noto Serif
(fontspec)             JP,ItalicFeatures = {FakeSlant=0.3},BoldItalicFont =
(fontspec)             Noto Sans JP-Bold,BoldItalicFeatures =
(fontspec)             {FakeSlant=0.3}].
(fontspec)              
(fontspec)              This font family consists of the following NFSS
(fontspec)             series/shapes:
(fontspec)              

LaTeX Font Info:    Redeclaring symbol font `mincho' on input line 12.
LaTeX Font Info:    Overwriting symbol font `mincho' in version `normal'
(Font)                  JY3/mc/m/n --> JY3/NotoSerifJP(0)/m/n on input line 12.
LaTeX Font Info:    Overwriting symbol font `mincho' in version `bold'
(Font)                  JY3/gt/m/n --> JY3/NotoSerifJP(0)/m/n on input line 12.
LaTeX Font Info:    Overwriting symbol font `mincho' in version `bold'
(Font)                  JY3/NotoSerifJP(0)/m/n --> JY3/NotoSerifJP(0)/b/n on input line 12.
LaTeX Font Info:    Font shape `JT3/NotoSerifJP(0)/m/n' will be
(Font)              scaled to size 10.0pt on input line 12.
LaTeX Font Info:    Font shape `JY3/NotoSerifJP(0)/m/n' will be
(Font)              scaled to size 10.0pt on input line 12.
(load cache: extra_notosansjp-regular.luc)

Package fontspec Info: Font family 'NotoSansJP(0)' created for font 'Noto Sans
(fontspec)             JP' with options
(fontspec)             [YokoFeatures={JFM=jlreq},TateFeatures={JFM=jlreqv},Scale=1,Kerning=Off,Script=CJK,ItalicFont
(fontspec)             = Noto Sans JP,ItalicFeatures =
(fontspec)             {FakeSlant=0.3},BoldItalicFont = Noto Sans
(fontspec)             JP-Bold,BoldItalicFeatures = {FakeSlant=0.3}].
(fontspec)              
(fontspec)              This font family consists of the following NFSS
(fontspec)             series/shapes:
(fontspec)              

LaTeX Font Info:    Redeclaring math alphabet \mathgt on input line 18.
LaTeX Font Info:    Overwriting math alphabet `\mathgt' in version `normal'
(Font)                  JY3/gt/m/n --> JY3/NotoSansJP(0)/m/n on input line 18.
LaTeX Font Info:    Overwriting math alphabet `\mathgt' in version `bold'
(Font)                  JY3/gt/m/n --> JY3/NotoSansJP(0)/m/n on input line 18.

Package fontspec Info: Font family 'PlemolJP(1)' created for font 'PlemolJP'
(fontspec)             with options
(fontspec)             [YokoFeatures={JFM=jlreq},TateFeatures={JFM=jlreqv},Scale=1,Kerning=Off,Script=CJK].
(fontspec)              
(fontspec)              This font family consists of the following NFSS
(fontspec)             series/shapes:
(fontspec)              

 (c:/texlive/2023/texmf-dist/tex/latex/tools/longtable.sty
Package: longtable 2021-09-01 v4.17 Multi-page Table package (DPC)
\LTleft=\skip56
\LTright=\skip57
\LTpre=\skip58
\LTpost=\skip59
\LTchunksize=\count297
\LTcapwidth=\dimen179
\LT@head=\box79
\LT@firsthead=\box80
\LT@foot=\box81
\LT@lastfoot=\box82
\LT@gbox=\box83
\LT@cols=\count298
\LT@rows=\count299
\c@LT@tables=\count300
\c@LT@chunks=\count301
\LT@p@ftn=\toks26
) (c:/texlive/2023/texmf-dist/tex/generic/colortab/colortab.sty (c:/texlive/2023/texmf-dist/tex/latex/pstricks/pstricks.sty
Package: pstricks 2024/02/02 v0.75 LaTeX wrapper for `PSTricks' (RN,HV)
 (c:/texlive/2023/texmf-dist/tex/latex/xcolor/xcolor.sty
Package: xcolor 2022/06/12 v2.14 LaTeX color extensions (UK)
 (c:/texlive/2023/texmf-dist/tex/latex/graphics-cfg/color.cfg
File: color.cfg 2016/01/02 v1.6 sample color configuration
)
Package xcolor Info: Driver file: luatex.def on input line 227.
 (c:/texlive/2023/texmf-dist/tex/latex/graphics-def/luatex.def
File: luatex.def 2022/09/22 v1.2d Graphics/color driver for luatex
) (c:/texlive/2023/texmf-dist/tex/latex/graphics/mathcolor.ltx)
Package xcolor Info: Model `cmy' substituted by `cmy0' on input line 1353.
Package xcolor Info: Model `hsb' substituted by `rgb' on input line 1357.
Package xcolor Info: Model `RGB' extended on input line 1369.
Package xcolor Info: Model `HTML' substituted by `rgb' on input line 1371.
Package xcolor Info: Model `Hsb' substituted by `hsb' on input line 1372.
Package xcolor Info: Model `tHsb' substituted by `hsb' on input line 1373.
Package xcolor Info: Model `HSB' substituted by `hsb' on input line 1374.
Package xcolor Info: Model `Gray' substituted by `gray' on input line 1375.
Package xcolor Info: Model `wave' substituted by `hsb' on input line 1376.
) (c:/texlive/2023/texmf-dist/tex/generic/xkeyval/pst-xkey.tex
File: pst-xkey.tex 2005/11/25 v1.6 PSTricks specialization of xkeyval (HA)
) (c:/texlive/2023/texmf-dist/tex/generic/pstricks/pstricks.tex (c:/texlive/2023/texmf-dist/tex/generic/pstricks/pst-fp.tex `pst-fp' v0.06, 2020/11/20 (hv)
\pstFP@xs=\count302
\pstFP@xia=\count303
\pstFP@xib=\count304
\pstFP@xfa=\count305
\pstFP@xfb=\count306
\pstFP@rega=\count307
\pstFP@regb=\count308
\pstFP@regs=\count309
\pstFP@times=\count310
) (c:/texlive/2023/texmf-dist/tex/latex/pgf/utilities/pgffor.sty (c:/texlive/2023/texmf-dist/tex/latex/pgf/utilities/pgfrcs.sty (c:/texlive/2023/texmf-dist/tex/generic/pgf/utilities/pgfutil-common.tex
\pgfutil@everybye=\toks27
\pgfutil@tempdima=\dimen180
\pgfutil@tempdimb=\dimen181
) (c:/texlive/2023/texmf-dist/tex/generic/pgf/utilities/pgfutil-latex.def
\pgfutil@abb=\box84
) (c:/texlive/2023/texmf-dist/tex/generic/pgf/utilities/pgfrcs.code.tex (c:/texlive/2023/texmf-dist/tex/generic/pgf/pgf.revision.tex)
Package: pgfrcs 2023-01-15 v3.1.10 (3.1.10)
)) (c:/texlive/2023/texmf-dist/tex/latex/pgf/utilities/pgfkeys.sty (c:/texlive/2023/texmf-dist/tex/generic/pgf/utilities/pgfkeys.code.tex
\pgfkeys@pathtoks=\toks28
\pgfkeys@temptoks=\toks29
 (c:/texlive/2023/texmf-dist/tex/generic/pgf/utilities/pgfkeyslibraryfiltered.code.tex
\pgfkeys@tmptoks=\toks30
))) (c:/texlive/2023/texmf-dist/tex/latex/pgf/math/pgfmath.sty (c:/texlive/2023/texmf-dist/tex/generic/pgf/math/pgfmath.code.tex (c:/texlive/2023/texmf-dist/tex/generic/pgf/math/pgfmathutil.code.tex
\pgf@x=\dimen182
\pgf@xa=\dimen183
\pgf@xb=\dimen184
\pgf@xc=\dimen185
\pgf@y=\dimen186
\pgf@ya=\dimen187
\pgf@yb=\dimen188
\pgf@yc=\dimen189
\c@pgf@counta=\count311
\c@pgf@countb=\count312
\c@pgf@countc=\count313
\c@pgf@countd=\count314
) (c:/texlive/2023/texmf-dist/tex/generic/pgf/math/pgfmathparser.code.tex
\pgfmath@dimen=\dimen190
\pgfmath@count=\count315
\pgfmath@box=\box85
\pgfmath@toks=\toks31
\pgfmath@stack@operand=\toks32
\pgfmath@stack@operation=\toks33
) (c:/texlive/2023/texmf-dist/tex/generic/pgf/math/pgfmathfunctions.code.tex) (c:/texlive/2023/texmf-dist/tex/generic/pgf/math/pgfmathfunctions.basic.code.tex) (c:/texlive/2023/texmf-dist/tex/generic/pgf/math/pgfmathfunctions.trigonometric.code.tex) (c:/texlive/2023/texmf-dist/tex/generic/pgf/math/pgfmathfunctions.random.code.tex) (c:/texlive/2023/texmf-dist/tex/generic/pgf/math/pgfmathfunctions.comparison.code.tex) (c:/texlive/2023/texmf-dist/tex/generic/pgf/math/pgfmathfunctions.base.code.tex) (c:/texlive/2023/texmf-dist/tex/generic/pgf/math/pgfmathfunctions.round.code.tex) (c:/texlive/2023/texmf-dist/tex/generic/pgf/math/pgfmathfunctions.misc.code.tex) (c:/texlive/2023/texmf-dist/tex/generic/pgf/math/pgfmathfunctions.integerarithmetics.code.tex) (c:/texlive/2023/texmf-dist/tex/generic/pgf/math/pgfmathcalc.code.tex) (c:/texlive/2023/texmf-dist/tex/generic/pgf/math/pgfmathfloat.code.tex
\c@pgfmathroundto@lastzeros=\count316
))) (c:/texlive/2023/texmf-dist/tex/generic/pgf/utilities/pgffor.code.tex
Package: pgffor 2023-01-15 v3.1.10 (3.1.10)
\pgffor@iter=\dimen191
\pgffor@skip=\dimen192
\pgffor@stack=\toks34
\pgffor@toks=\toks35
))
\psLoopIndex=\count317

`PSTricks' v3.19c  <2024/02/02> (tvz,hv)
\pst@dima=\dimen193
\pst@dimb=\dimen194
\pst@dimc=\dimen195
\pst@dimd=\dimen196
\pst@dimg=\dimen197
\pst@dimh=\dimen198
\pst@dimm=\dimen199
\pst@dimn=\dimen256
\pst@dimo=\dimen257
\pst@dimp=\dimen258
\pst@hbox=\box86
\pst@ibox=\box87
\pst@boxg=\box88
\pst@cnta=\count318
\pst@cntb=\count319
\pst@cntc=\count320
\pst@cntd=\count321
\pst@cntg=\count322
\pst@cnth=\count323
\pst@cntm=\count324
\pst@cntn=\count325
\pst@cnto=\count326
\pst@cntp=\count327
\@zero=\count328
\pst@toks=\toks36
--- We are running lualatex with luapstricks ---
Lua module: luapstricks 2023-05-23 v0.10 PSTricks backend for LuaLaTeX
Lua function luaPST = 71
Lua function luaPSTcolor = 72
Lua function luaPSTbox = 73 (c:/texlive/2023/texmf-dist/tex/generic/pstricks/pstricks-color.tex)
\psunit=\dimen259
\psxunit=\dimen260
\psyunit=\dimen261
\pst@C@@rType=\count329
\pslinewidth=\dimen262
\psk@startLW=\dimen263
\psk@endLW=\dimen264
 (c:/texlive/2023/texmf-dist/tex/generic/pstricks/pstricks-arrows.tex
\pshooklength=\dimen265
\pshookwidth=\dimen266
)
\pst@customdefs=\toks37
 (c:/texlive/2023/texmf-dist/tex/generic/pstricks/pstricks-dots.tex)
\pslinearc=\dimen267
\pst@symbolStep=\dimen268
\pst@symbolWidth=\dimen269
\pst@symbolLinewidth=\dimen270
\everypsbox=\toks38
\psframesep=\dimen271
\pslabelsep=\dimen272
\sh@wgridXunit=\dimen273
\sh@wgridYunit=\dimen274
\pst@shift=\dimen275
\ps@imagectr=\count330
)
File: pstricks.tex 2024/02/02 v3.19c `PSTricks' (tvz,hv)
 (c:/texlive/2023/texmf-dist/tex/generic/pstricks/pst-fp.tex `pst-fp' v0.06, 2020/11/20 (hv))
File: pst-fp.tex 2020/11/20 v0.06 `PST-fp' (hv)
) (c:/texlive/2023/texmf-dist/tex/latex/fancybox/fancybox.sty
Package: fancybox 2010/05/15 1.4

Style option: `fancybox' v1.4 <2010/05/15> (tvz)
\@fancybox=\box89
\shadowsize=\dimen276
\@Sbox=\box90
\do@VerbBox=\toks39
\the@fancyput=\toks40
\this@fancyput=\toks41
\EndVerbatimTokens=\toks42
\Verbatim@Outfile=\write3
\Verbatim@Infile=\read2
)
Package: colortab 2010/05/13 package wrapper for colortab.tex (hv)
 (c:/texlive/2023/texmf-dist/tex/generic/colortab/colortab.tex   v1.0  10/05/13  <tvz>
\CT@cnt=\count331
\CT@dim=\dimen277
\CT@box=\box91
\CT@preamble=\toks43
\CT@LCnum=\count332
)
File: colortab.tex 10/05/13 v1.0 `colortab' (tvz)
) (c:/texlive/2023/texmf-dist/tex/latex/colortbl/colortbl.sty
Package: colortbl 2022/06/20 v1.0f Color table columns (DPC)
 (c:/texlive/2023/texmf-dist/tex/latex/tools/array.sty
Package: array 2022/09/04 v2.5g Tabular extension package (FMi)
\col@sep=\dimen278
\ar@mcellbox=\box92
\extrarowheight=\dimen279
\NC@list=\toks44
\extratabsurround=\skip60
\backup@length=\skip61
\ar@cellbox=\box93
)
\everycr=\toks45
\minrowclearance=\skip62
\rownum=\count333
) (c:/texlive/2023/texmf-dist/tex/latex/arydshln/arydshln.sty
Package: arydshln 2019/02/21 v1.76 
\dashlinedash=\dimen280
\dashlinegap=\dimen281
\adl@box=\box94
\adl@height=\dimen282
\adl@heightsave=\dimen283
\adl@depth=\dimen284
\adl@depthsave=\dimen285
\adl@finaldepth=\dimen286
\adl@columns=\count334
\adl@ncol=\count335
\adl@currentcolumn=\count336
\adl@currentcolumnsave=\count337
\adl@totalheight=\count338
\adl@totalheightsave=\count339
\adl@dash=\count340
\adl@gap=\count341
\adl@cla=\count342
\adl@clb=\count343
\adl@everyvbox=\toks46
\adl@LTpagetotal=\dimen287
) (c:/texlive/2023/texmf-dist/tex/latex/mathtools/mathtools.sty
Package: mathtools 2022/06/29 v1.29 mathematical typesetting tools
 (c:/texlive/2023/texmf-dist/tex/latex/tools/calc.sty
Package: calc 2017/05/25 v4.3 Infix arithmetic (KKT,FJ)
\calc@Acount=\count344
\calc@Bcount=\count345
\calc@Adimen=\dimen288
\calc@Bdimen=\dimen289
\calc@Askip=\skip63
\calc@Bskip=\skip64
LaTeX Info: Redefining \setlength on input line 80.
LaTeX Info: Redefining \addtolength on input line 81.
\calc@Ccount=\count346
\calc@Cskip=\skip65
) (c:/texlive/2023/texmf-dist/tex/latex/mathtools/mhsetup.sty
Package: mhsetup 2021/03/18 v1.4 programming setup (MH)
) (c:/texlive/2023/texmf-dist/tex/latex/amsmath/amsmath.sty
Package: amsmath 2023/05/13 v2.17o AMS math features
\@mathmargin=\skip66

For additional information on amsmath, use the `?' option.
(c:/texlive/2023/texmf-dist/tex/latex/amsmath/amstext.sty
Package: amstext 2021/08/26 v2.01 AMS text
 (c:/texlive/2023/texmf-dist/tex/latex/amsmath/amsgen.sty
File: amsgen.sty 1999/11/30 v2.0 generic functions
\@emptytoks=\toks47
\ex@=\dimen290
)) (c:/texlive/2023/texmf-dist/tex/latex/amsmath/amsbsy.sty
Package: amsbsy 1999/11/29 v1.2d Bold Symbols
\pmbraise@=\dimen291
) (c:/texlive/2023/texmf-dist/tex/latex/amsmath/amsopn.sty
Package: amsopn 2022/04/08 v2.04 operator names
)
\inf@bad=\count347
LaTeX Info: Redefining \frac on input line 236.
\uproot@=\count348
\leftroot@=\count349
LaTeX Info: Redefining \overline on input line 399.
LaTeX Info: Redefining \colon on input line 410.
\classnum@=\count350
\DOTSCASE@=\count351
LaTeX Info: Redefining \ldots on input line 496.
LaTeX Info: Redefining \dots on input line 499.
LaTeX Info: Redefining \cdots on input line 620.
\Mathstrutbox@=\box95
\strutbox@=\box96
LaTeX Info: Redefining \big on input line 722.
LaTeX Info: Redefining \Big on input line 723.
LaTeX Info: Redefining \bigg on input line 724.
LaTeX Info: Redefining \Bigg on input line 725.
\big@size=\dimen292
LaTeX Font Info:    Redeclaring font encoding OML on input line 743.
LaTeX Font Info:    Redeclaring font encoding OMS on input line 744.
\macc@depth=\count352
LaTeX Info: Redefining \bmod on input line 905.
LaTeX Info: Redefining \pmod on input line 910.
LaTeX Info: Redefining \smash on input line 940.
LaTeX Info: Redefining \relbar on input line 970.
LaTeX Info: Redefining \Relbar on input line 971.
\c@MaxMatrixCols=\count353
\dotsspace@=\muskip16
\c@parentequation=\count354
\dspbrk@lvl=\count355
\tag@help=\toks48
\row@=\count356
\column@=\count357
\maxfields@=\count358
\andhelp@=\toks49
\eqnshift@=\dimen293
\alignsep@=\dimen294
\tagshift@=\dimen295
\tagwidth@=\dimen296
\totwidth@=\dimen297
\lineht@=\dimen298
\@envbody=\toks50
\multlinegap=\skip67
\multlinetaggap=\skip68
\mathdisplay@stack=\toks51
LaTeX Info: Redefining \[ on input line 2953.
LaTeX Info: Redefining \] on input line 2954.
)
\g_MT_multlinerow_int=\count359
\l_MT_multwidth_dim=\dimen299
\origjot=\skip69
\l_MT_shortvdotswithinadjustabove_dim=\dimen300
\l_MT_shortvdotswithinadjustbelow_dim=\dimen301
\l_MT_above_intertext_sep=\dimen302
\l_MT_below_intertext_sep=\dimen303
\l_MT_above_shortintertext_sep=\dimen304
\l_MT_below_shortintertext_sep=\dimen305
\xmathstrut@box=\box97
\xmathstrut@dim=\dimen306
) (c:/texlive/2023/texmf-dist/tex/latex/breqn/breqn.sty
Package: breqn 2021/10/28 v0.98l Breaking equations
 (c:/texlive/2023/texmf-dist/tex/latex/graphics/graphicx.sty
Package: graphicx 2021/09/16 v1.2d Enhanced LaTeX Graphics (DPC,SPQR)
 (c:/texlive/2023/texmf-dist/tex/latex/graphics/graphics.sty
Package: graphics 2022/03/10 v1.4e Standard LaTeX Graphics (DPC,SPQR)
 (c:/texlive/2023/texmf-dist/tex/latex/graphics/trig.sty
Package: trig 2021/08/11 v1.11 sin cos tan (DPC)
) (c:/texlive/2023/texmf-dist/tex/latex/graphics-cfg/graphics.cfg
File: graphics.cfg 2016/06/04 v1.11 sample graphics configuration
)
Package graphics Info: Driver file: luatex.def on input line 107.
)
\Gin@req@height=\dimen307
\Gin@req@width=\dimen308
) (c:/texlive/2023/texmf-dist/tex/latex/breqn/flexisym.sty
Package: flexisym 2021/10/28 v0.98l Make math characters macros
LaTeX Info: Redefining \textprime on input line 299.
LaTeX Info: Redefining \not on input line 357.
 (c:/texlive/2023/texmf-dist/tex/latex/breqn/cmbase.sym
File: cmbase.sym 2007/12/19 v0.92
LaTeX Info: Redefining \hbar on input line 324.
LaTeX Info: Redefining \surd on input line 326.
LaTeX Info: Redefining \angle on input line 334.
LaTeX Info: Redefining \neq on input line 335.
LaTeX Info: Redefining \mapsto on input line 336.
LaTeX Info: Redefining \cong on input line 337.
LaTeX Info: Redefining \notin on input line 340.
LaTeX Info: Redefining \rightleftharpoons on input line 341.
LaTeX Info: Redefining \doteq on input line 342.
LaTeX Info: Redefining \hookrightarrow on input line 343.
LaTeX Info: Redefining \hookleftarrow on input line 344.
LaTeX Info: Redefining \bowtie on input line 345.
LaTeX Info: Redefining \models on input line 346.
LaTeX Info: Redefining \Longrightarrow on input line 347.
LaTeX Info: Redefining \longrightarrow on input line 348.
LaTeX Info: Redefining \Longleftarrow on input line 349.
LaTeX Info: Redefining \longleftarrow on input line 350.
LaTeX Info: Redefining \longmapsto on input line 351.
LaTeX Info: Redefining \longleftrightarrow on input line 352.
LaTeX Info: Redefining \Longleftrightarrow on input line 353.
LaTeX Info: Redefining \cdots on input line 357.
LaTeX Info: Redefining \vdots on input line 360.
LaTeX Info: Redefining \ddots on input line 365.
) (c:/texlive/2023/texmf-dist/tex/latex/breqn/mathstyle.sty
Package: mathstyle 2021/10/28 v0.98l Tracking mathstyle implicitly
LaTeX Info: Redefining \genfrac on input line 149.
LaTeX Info: Redefining \genfrac on input line 173.
))
\inf@bad=\count360
\maxint=\count361
\listwidth=\dimen309
\eqnumsep=\dimen310
\eqmargin=\dimen311
\eqlinespacing=\skip70
\eqlineskip=\skip71
\eqlineskiplimit=\dimen312
\eqbinoffset=\muskip17
\eqdelimoffset=\muskip18
\eqindentstep=\dimen313
\eqstyle=\toks52
\eqbreakdepth=\count362
\eqinterlinepenalty=\count363
\intereqpenalty=\count364
\intereqskip=\skip72
\prerelpenalty=\count365
\prebinoppenalty=\count366
\Dmedmuskip=\muskip19
\Dthickmuskip=\muskip20
\eqleftskip=\skip73
\eqrightskip=\skip74
\eq@vspan=\skip75
\eq@binoffset=\muskip21
\EQ@box=\box98
\EQ@copy=\box99
\EQ@numbox=\box100
\eq@wdNum=\dimen314
\GRP@numbox=\box101
\grp@wdNum=\dimen315
\eq@lines=\count367
\eq@curline=\count368
\eq@badness=\count369
\EQ@vims=\count370
\eq@dp=\dimen316
\eq@wdL=\dimen317
\eq@wdT=\dimen318
\eq@wdMin=\dimen319
\grp@wdL=\dimen320
\grp@wdR=\dimen321
\grp@wdT=\dimen322
\eq@wdRmax=\dimen323
\eq@firstht=\dimen324
\eq@wdCond=\dimen325
\eq@indentstep=\dimen326
\eq@linewidth=\dimen327
\grp@linewidth=\dimen328
\eq@hshift=\dimen329
\eq@given@sidespace=\dimen330
\mathindent=\dimen331
\eq@final@linecount=\count371
\eq@wdR=\dimen332
\EQ@continue=\toks53
\lr@level=\count372
\GRP@queue=\toks54
\GRP@box=\box102
\GRP@wholebox=\box103
\darraycolsep=\skip76
\cur@row=\count373
\cur@col=\count374
\conditionsep=\skip77
) (c:/texlive/2023/texmf-dist/tex/latex/amsfonts/amssymb.sty
Package: amssymb 2013/01/14 v3.01 AMS font symbols
 (c:/texlive/2023/texmf-dist/tex/latex/amsfonts/amsfonts.sty
Package: amsfonts 2013/01/14 v3.01 Basic AMSFonts support
\symAMSa=\mathgroup5
\symAMSb=\mathgroup6
LaTeX Font Info:    Overwriting math alphabet `\mathfrak' in version `bold'
(Font)                  U/euf/m/n --> U/euf/b/n on input line 106.
)) (c:/texlive/2023/texmf-dist/tex/latex/geometry/geometry.sty
Package: geometry 2020/01/02 v5.9 Page Geometry
 (c:/texlive/2023/texmf-dist/tex/generic/iftex/ifvtex.sty
Package: ifvtex 2019/10/25 v1.7 ifvtex legacy package. Use iftex instead.
)
\Gm@cnth=\count375
\Gm@cntv=\count376
\c@Gm@tempcnt=\count377
\Gm@bindingoffset=\dimen333
\Gm@wd@mp=\dimen334
\Gm@odd@mp=\dimen335
\Gm@even@mp=\dimen336
\Gm@layoutwidth=\dimen337
\Gm@layoutheight=\dimen338
\Gm@layouthoffset=\dimen339
\Gm@layoutvoffset=\dimen340
\Gm@dimlist=\toks55
) (c:/texlive/2023/texmf-dist/tex/latex/comment/comment.sty
\CommentStream=\write4
 Excluding comment 'comment') (c:/texlive/2023/texmf-dist/tex/latex/emoji/emoji.sty
Package: emoji 2021/07/17 v0.2.2 Emoji support in (Lua)LaTeX
 (c:/texlive/2023/texmf-dist/tex/latex/emoji/emoji-table.def
File: emoji-table.def 2021/07/17 v0.2.2 Emojisupportin(Lua)LaTeX
)) (c:/texlive/2023/texmf-dist/tex/latex/xurl/xurl.sty
Package: xurl 2022/01/09 v 0.10 modify URL breaks
 (c:/texlive/2023/texmf-dist/tex/latex/url/url.sty
\Urlmuskip=\muskip22
Package: url 2013/09/16  ver 3.4  Verb mode for urls, etc.
)) (c:/texlive/2023/texmf-dist/tex/latex/titling/titling.sty
Package: titling 2009/09/04 v2.1d maketitle typesetting
\thanksmarkwidth=\skip78
\thanksmargin=\skip79
\droptitle=\skip80
) (c:/texlive/2023/texmf-dist/tex/latex/tocloft/tocloft.sty
Package: tocloft 2017/08/31 v2.3i parameterised ToC, etc., typesetting
Package tocloft Info: The document has chapter divisions on input line 51.
\cftparskip=\skip81
\cftbeforetoctitleskip=\skip82
\cftaftertoctitleskip=\skip83
\cftbeforepartskip=\skip84
\cftpartnumwidth=\skip85
\cftpartindent=\skip86
\cftbeforechapskip=\skip87
\cftchapindent=\skip88
\cftchapnumwidth=\skip89
\cftbeforesecskip=\skip90
\cftsecindent=\skip91
\cftsecnumwidth=\skip92
\cftbeforesubsecskip=\skip93
\cftsubsecindent=\skip94
\cftsubsecnumwidth=\skip95
\cftbeforesubsubsecskip=\skip96
\cftsubsubsecindent=\skip97
\cftsubsubsecnumwidth=\skip98
\cftbeforeparaskip=\skip99
\cftparaindent=\skip100
\cftparanumwidth=\skip101
\cftbeforesubparaskip=\skip102
\cftsubparaindent=\skip103
\cftsubparanumwidth=\skip104
\cftbeforeloftitleskip=\skip105
\cftafterloftitleskip=\skip106
\cftbeforefigskip=\skip107
\cftfigindent=\skip108
\cftfignumwidth=\skip109
\c@lofdepth=\count378
\c@lotdepth=\count379
\cftbeforelottitleskip=\skip110
\cftafterlottitleskip=\skip111
\cftbeforetabskip=\skip112
\cfttabindent=\skip113
\cfttabnumwidth=\skip114
) (c:/texlive/2023/texmf-dist/tex/latex/appendix/appendix.sty
Package: appendix 2020/02/08 v1.2c extra appendix facilities
\c@@pps=\count380
\c@@ppsavesec=\count381
\c@@ppsaveapp=\count382
) (c:/texlive/2023/texmf-dist/tex/latex/here/here.sty) (c:/texlive/2023/texmf-dist/tex/latex/float/float.sty
Package: float 2001/11/08 v1.3d Float enhancements (AL)
\c@float@type=\count383
\float@exts=\toks56
\float@box=\box104
\@float@everytoks=\toks57
\@floatcapt=\box105
) (c:/texlive/2023/texmf-dist/tex/latex/pgf/frontendlayer/tikz.sty (c:/texlive/2023/texmf-dist/tex/latex/pgf/basiclayer/pgf.sty
Package: pgf 2023-01-15 v3.1.10 (3.1.10)
 (c:/texlive/2023/texmf-dist/tex/latex/pgf/basiclayer/pgfcore.sty (c:/texlive/2023/texmf-dist/tex/latex/pgf/systemlayer/pgfsys.sty (c:/texlive/2023/texmf-dist/tex/generic/pgf/systemlayer/pgfsys.code.tex
Package: pgfsys 2023-01-15 v3.1.10 (3.1.10)
\pgf@x=\dimen341
\pgf@y=\dimen342
\pgf@xa=\dimen343
\pgf@ya=\dimen344
\pgf@xb=\dimen345
\pgf@yb=\dimen346
\pgf@xc=\dimen347
\pgf@yc=\dimen348
\pgf@xd=\dimen349
\pgf@yd=\dimen350
\w@pgf@writea=\write5
\r@pgf@reada=\read3
\c@pgf@counta=\count384
\c@pgf@countb=\count385
\c@pgf@countc=\count386
\c@pgf@countd=\count387
\t@pgf@toka=\toks58
\t@pgf@tokb=\toks59
\t@pgf@tokc=\toks60
\pgf@sys@id@count=\count388
 (c:/texlive/2023/texmf-dist/tex/generic/pgf/systemlayer/pgf.cfg
File: pgf.cfg 2023-01-15 v3.1.10 (3.1.10)
)
Driver file for pgf: pgfsys-luatex.def
 (c:/texlive/2023/texmf-dist/tex/generic/pgf/systemlayer/pgfsys-luatex.def
File: pgfsys-luatex.def 2023-01-15 v3.1.10 (3.1.10)
 (c:/texlive/2023/texmf-dist/tex/generic/pgf/systemlayer/pgfsys-common-pdf.def
File: pgfsys-common-pdf.def 2023-01-15 v3.1.10 (3.1.10)
))) (c:/texlive/2023/texmf-dist/tex/generic/pgf/systemlayer/pgfsyssoftpath.code.tex
File: pgfsyssoftpath.code.tex 2023-01-15 v3.1.10 (3.1.10)
\pgfsyssoftpath@smallbuffer@items=\count389
\pgfsyssoftpath@bigbuffer@items=\count390
) (c:/texlive/2023/texmf-dist/tex/generic/pgf/systemlayer/pgfsysprotocol.code.tex
File: pgfsysprotocol.code.tex 2023-01-15 v3.1.10 (3.1.10)
)) (c:/texlive/2023/texmf-dist/tex/generic/pgf/basiclayer/pgfcore.code.tex
Package: pgfcore 2023-01-15 v3.1.10 (3.1.10)
 (c:/texlive/2023/texmf-dist/tex/generic/pgf/math/pgfint.code.tex) (c:/texlive/2023/texmf-dist/tex/generic/pgf/basiclayer/pgfcorepoints.code.tex
File: pgfcorepoints.code.tex 2023-01-15 v3.1.10 (3.1.10)
\pgf@picminx=\dimen351
\pgf@picmaxx=\dimen352
\pgf@picminy=\dimen353
\pgf@picmaxy=\dimen354
\pgf@pathminx=\dimen355
\pgf@pathmaxx=\dimen356
\pgf@pathminy=\dimen357
\pgf@pathmaxy=\dimen358
\pgf@xx=\dimen359
\pgf@xy=\dimen360
\pgf@yx=\dimen361
\pgf@yy=\dimen362
\pgf@zx=\dimen363
\pgf@zy=\dimen364
) (c:/texlive/2023/texmf-dist/tex/generic/pgf/basiclayer/pgfcorepathconstruct.code.tex
File: pgfcorepathconstruct.code.tex 2023-01-15 v3.1.10 (3.1.10)
\pgf@path@lastx=\dimen365
\pgf@path@lasty=\dimen366
) (c:/texlive/2023/texmf-dist/tex/generic/pgf/basiclayer/pgfcorepathusage.code.tex
File: pgfcorepathusage.code.tex 2023-01-15 v3.1.10 (3.1.10)
\pgf@shorten@end@additional=\dimen367
\pgf@shorten@start@additional=\dimen368
) (c:/texlive/2023/texmf-dist/tex/generic/pgf/basiclayer/pgfcorescopes.code.tex
File: pgfcorescopes.code.tex 2023-01-15 v3.1.10 (3.1.10)
\pgfpic=\box106
\pgf@hbox=\box107
\pgf@layerbox@main=\box108
\pgf@picture@serial@count=\count391
) (c:/texlive/2023/texmf-dist/tex/generic/pgf/basiclayer/pgfcoregraphicstate.code.tex
File: pgfcoregraphicstate.code.tex 2023-01-15 v3.1.10 (3.1.10)
\pgflinewidth=\dimen369
) (c:/texlive/2023/texmf-dist/tex/generic/pgf/basiclayer/pgfcoretransformations.code.tex
File: pgfcoretransformations.code.tex 2023-01-15 v3.1.10 (3.1.10)
\pgf@pt@x=\dimen370
\pgf@pt@y=\dimen371
\pgf@pt@temp=\dimen372
) (c:/texlive/2023/texmf-dist/tex/generic/pgf/basiclayer/pgfcorequick.code.tex
File: pgfcorequick.code.tex 2023-01-15 v3.1.10 (3.1.10)
) (c:/texlive/2023/texmf-dist/tex/generic/pgf/basiclayer/pgfcoreobjects.code.tex
File: pgfcoreobjects.code.tex 2023-01-15 v3.1.10 (3.1.10)
) (c:/texlive/2023/texmf-dist/tex/generic/pgf/basiclayer/pgfcorepathprocessing.code.tex
File: pgfcorepathprocessing.code.tex 2023-01-15 v3.1.10 (3.1.10)
) (c:/texlive/2023/texmf-dist/tex/generic/pgf/basiclayer/pgfcorearrows.code.tex
File: pgfcorearrows.code.tex 2023-01-15 v3.1.10 (3.1.10)
\pgfarrowsep=\dimen373
) (c:/texlive/2023/texmf-dist/tex/generic/pgf/basiclayer/pgfcoreshade.code.tex
File: pgfcoreshade.code.tex 2023-01-15 v3.1.10 (3.1.10)
\pgf@max=\dimen374
\pgf@sys@shading@range@num=\count392
\pgf@shadingcount=\count393
) (c:/texlive/2023/texmf-dist/tex/generic/pgf/basiclayer/pgfcoreimage.code.tex
File: pgfcoreimage.code.tex 2023-01-15 v3.1.10 (3.1.10)
) (c:/texlive/2023/texmf-dist/tex/generic/pgf/basiclayer/pgfcoreexternal.code.tex
File: pgfcoreexternal.code.tex 2023-01-15 v3.1.10 (3.1.10)
\pgfexternal@startupbox=\box109
) (c:/texlive/2023/texmf-dist/tex/generic/pgf/basiclayer/pgfcorelayers.code.tex
File: pgfcorelayers.code.tex 2023-01-15 v3.1.10 (3.1.10)
) (c:/texlive/2023/texmf-dist/tex/generic/pgf/basiclayer/pgfcoretransparency.code.tex
File: pgfcoretransparency.code.tex 2023-01-15 v3.1.10 (3.1.10)
) (c:/texlive/2023/texmf-dist/tex/generic/pgf/basiclayer/pgfcorepatterns.code.tex
File: pgfcorepatterns.code.tex 2023-01-15 v3.1.10 (3.1.10)
) (c:/texlive/2023/texmf-dist/tex/generic/pgf/basiclayer/pgfcorerdf.code.tex
File: pgfcorerdf.code.tex 2023-01-15 v3.1.10 (3.1.10)
))) (c:/texlive/2023/texmf-dist/tex/generic/pgf/modules/pgfmoduleshapes.code.tex
File: pgfmoduleshapes.code.tex 2023-01-15 v3.1.10 (3.1.10)
\pgfnodeparttextbox=\box110
) (c:/texlive/2023/texmf-dist/tex/generic/pgf/modules/pgfmoduleplot.code.tex
File: pgfmoduleplot.code.tex 2023-01-15 v3.1.10 (3.1.10)
) (c:/texlive/2023/texmf-dist/tex/latex/pgf/compatibility/pgfcomp-version-0-65.sty
Package: pgfcomp-version-0-65 2023-01-15 v3.1.10 (3.1.10)
\pgf@nodesepstart=\dimen375
\pgf@nodesepend=\dimen376
) (c:/texlive/2023/texmf-dist/tex/latex/pgf/compatibility/pgfcomp-version-1-18.sty
Package: pgfcomp-version-1-18 2023-01-15 v3.1.10 (3.1.10)
)) (c:/texlive/2023/texmf-dist/tex/generic/pgf/frontendlayer/tikz/tikz.code.tex
Package: tikz 2023-01-15 v3.1.10 (3.1.10)
 (c:/texlive/2023/texmf-dist/tex/generic/pgf/libraries/pgflibraryplothandlers.code.tex
File: pgflibraryplothandlers.code.tex 2023-01-15 v3.1.10 (3.1.10)
\pgf@plot@mark@count=\count394
\pgfplotmarksize=\dimen377
)
\tikz@lastx=\dimen378
\tikz@lasty=\dimen379
\tikz@lastxsaved=\dimen380
\tikz@lastysaved=\dimen381
\tikz@lastmovetox=\dimen382
\tikz@lastmovetoy=\dimen383
\tikzleveldistance=\dimen384
\tikzsiblingdistance=\dimen385
\tikz@figbox=\box111
\tikz@figbox@bg=\box112
\tikz@tempbox=\box113
\tikz@tempbox@bg=\box114
\tikztreelevel=\count395
\tikznumberofchildren=\count396
\tikznumberofcurrentchild=\count397
\tikz@fig@count=\count398
 (c:/texlive/2023/texmf-dist/tex/generic/pgf/modules/pgfmodulematrix.code.tex
File: pgfmodulematrix.code.tex 2023-01-15 v3.1.10 (3.1.10)
\pgfmatrixcurrentrow=\count399
\pgfmatrixcurrentcolumn=\count400
\pgf@matrix@numberofcolumns=\count401
)
\tikz@expandcount=\count402
 (c:/texlive/2023/texmf-dist/tex/generic/pgf/frontendlayer/tikz/libraries/tikzlibrarytopaths.code.tex
File: tikzlibrarytopaths.code.tex 2023-01-15 v3.1.10 (3.1.10)
))) (c:/texlive/2023/texmf-dist/tex/generic/pgf/frontendlayer/tikz/libraries/tikzlibraryintersections.code.tex (c:/texlive/2023/texmf-dist/tex/generic/pgf/libraries/pgflibraryintersections.code.tex (c:/texlive/2023/texmf-dist/tex/generic/pgf/libraries/pgflibraryfpu.code.tex)
\pgf@intersect@solutions=\count403
)) (c:/texlive/2023/texmf-dist/tex/generic/pgf/frontendlayer/tikz/libraries/tikzlibrarycalc.code.tex
File: tikzlibrarycalc.code.tex 2023-01-15 v3.1.10 (3.1.10)
) (c:/texlive/2023/texmf-dist/tex/generic/pgf/libraries/pgflibraryarrows.meta.code.tex
File: pgflibraryarrows.meta.code.tex 2023-01-15 v3.1.10 (3.1.10)
\pgfarrowinset=\dimen386
\pgfarrowlength=\dimen387
\pgfarrowwidth=\dimen388
\pgfarrowlinewidth=\dimen389
) (c:/texlive/2023/texmf-dist/tex/latex/base/ifthen.sty
Package: ifthen 2022/04/13 v1.1d Standard LaTeX ifthen package (DPC)
) (c:/texlive/2023/texmf-dist/tex/latex/coffeestains/coffeestains.sty
Package: coffeestains 2021/05/07 coffeestains version 0.5
 (c:/texlive/2023/texmf-dist/tex/latex/kvoptions/kvoptions.sty
Package: kvoptions 2022-06-15 v3.15 Key value format for package options (HO)
 (c:/texlive/2023/texmf-dist/tex/latex/kvsetkeys/kvsetkeys.sty
Package: kvsetkeys 2022-10-05 v1.19 Key value parser (HO)
))) (c:/texlive/2023/texmf-dist/tex/latex/scsnowman/scsnowman.sty
Package: scsnowman 2023/02/23 v1.3c Snowman variants using TikZ
 (c:/texlive/2023/texmf-dist/tex/latex/scsnowman/sctkzsym-base.sty
Package: sctkzsym-base 2023/02/23 v1.3c Base for emoji variants using TikZ
\sctkzsym@hndlcnt=\count404
\sctkzsym@coord@baseline=\skip115
\sctkzsym@coord@scl=\skip116
) (c:/texlive/2023/texmf-dist/tex/latex/scsnowman/scsnowman-normal.def
File: scsnowman-normal.def 2018/06/07 v1.2d scsnowman definition (normal)
)) (c:/texlive/2023/texmf-dist/tex/latex/randomwalk/randomwalk.sty
Package: randomwalk 2018/12/28 v0.6 Customizable random walks
\c__randomwalk_lcg_last_int=\count405
\l__randomwalk_internal_int=\count406
\l__randomwalk_step_number_int=\count407
\l__randomwalk_x_dim=\dimen390
\l__randomwalk_y_dim=\dimen391
) (c:/texlive/2023/texmf-dist/tex/latex/pdfpages/pdfpages.sty
Package: pdfpages 2022/12/19 v0.5x Insert pages of external PDF documents (AM)
 (c:/texlive/2023/texmf-dist/tex/latex/eso-pic/eso-pic.sty
Package: eso-pic 2020/10/14 v3.0a eso-pic (RN)
\ESO@tempdima=\dimen392
\ESO@tempdimb=\dimen393
)
\AM@pagewidth=\dimen394
\AM@pageheight=\dimen395
\AM@fboxrule=\dimen396
 (c:/texlive/2023/texmf-dist/tex/latex/pdfpages/ppluatex.def
File: ppluatex.def 2022/12/19 v0.5x Pdfpages driver for LuaTeX (AM)
)
\pdfpages@includegraphics@status=\count408
\AM@pagebox=\box115
\AM@global@opts=\toks61
\AM@pagecnt=\count409
\AM@toc@title=\toks62
\AM@lof@heading=\toks63
\c@AM@survey=\count410
\AM@templatesizebox=\box116
) (c:/texlive/2023/texmf-dist/tex/latex/listings/listings.sty
\lst@mode=\count411
\lst@gtempboxa=\box117
\lst@token=\toks64
\lst@length=\count412
\lst@currlwidth=\dimen397
\lst@column=\count413
\lst@pos=\count414
\lst@lostspace=\dimen398
\lst@width=\dimen399
\lst@newlines=\count415
\lst@lineno=\count416
\lst@maxwidth=\dimen400
 (c:/texlive/2023/texmf-dist/tex/latex/listings/lstmisc.sty
File: lstmisc.sty 2023/02/27 1.9 (Carsten Heinz)
\c@lstnumber=\count417
\lst@skipnumbers=\count418
\lst@framebox=\box118
) (c:/texlive/2023/texmf-dist/tex/latex/listings/listings.cfg
File: listings.cfg 2023/02/27 1.9 listings configuration
))
Package: listings 2023/02/27 1.9 (Carsten Heinz)
 (c:/texlive/2023/texmf-dist/tex/luatex/luatexja/patches/lltjp-listings.sty (c:/texlive/2023/texmf-dist/tex/luatex/luatexbase/luatexbase-cctb.sty
Package: luatexbase-cctb 2015/10/04 v1.3 luatexbase interface to LuaTeX (legacy subpackage) 
)
\ltj@lst@japanese@min=\count419
\CatcodeTableLTJlistings=\catcodetable15
\ltj@lst@frame@lslimit=\dimen401
 (c:/texlive/2023/texmf-dist/tex/latex/listings/lstmisc.sty
File: lstmisc.sty 2023/02/27 1.9 (Carsten Heinz)
\lst@WFtoken=\toks65
\lst@WF=\write6
)) (c:/texlive/2023/texmf-dist/tex/latex/hyperref/hyperref.sty
Package: hyperref 2023-02-07 v7.00v Hypertext links for LaTeX
 (c:/texlive/2023/texmf-dist/tex/generic/kvdefinekeys/kvdefinekeys.sty
Package: kvdefinekeys 2019-12-19 v1.6 Define keys (HO)
) (c:/texlive/2023/texmf-dist/tex/generic/pdfescape/pdfescape.sty
Package: pdfescape 2019/12/09 v1.15 Implements pdfTeX's escape features (HO)
) (c:/texlive/2023/texmf-dist/tex/latex/hycolor/hycolor.sty
Package: hycolor 2020-01-27 v1.10 Color options for hyperref/bookmark (HO)
) (c:/texlive/2023/texmf-dist/tex/latex/letltxmacro/letltxmacro.sty
Package: letltxmacro 2019/12/03 v1.6 Let assignment for LaTeX macros (HO)
) (c:/texlive/2023/texmf-dist/tex/latex/auxhook/auxhook.sty
Package: auxhook 2019-12-17 v1.6 Hooks for auxiliary files (HO)
) (c:/texlive/2023/texmf-dist/tex/latex/hyperref/nameref.sty
Package: nameref 2022-05-17 v2.50 Cross-referencing by name of section
 (c:/texlive/2023/texmf-dist/tex/latex/refcount/refcount.sty
Package: refcount 2019/12/15 v3.6 Data extraction from label references (HO)
) (c:/texlive/2023/texmf-dist/tex/generic/gettitlestring/gettitlestring.sty
Package: gettitlestring 2019/12/15 v1.6 Cleanup title references (HO)
)
\c@section@level=\count420
)
\@linkdim=\dimen402
\Hy@linkcounter=\count421
\Hy@pagecounter=\count422
 (c:/texlive/2023/texmf-dist/tex/latex/hyperref/pd1enc.def
File: pd1enc.def 2023-02-07 v7.00v Hyperref: PDFDocEncoding definition (HO)
) (c:/texlive/2023/texmf-dist/tex/generic/intcalc/intcalc.sty
Package: intcalc 2019/12/15 v1.3 Expandable calculations with integers (HO)
) (c:/texlive/2023/texmf-dist/tex/generic/etexcmds/etexcmds.sty
Package: etexcmds 2019/12/15 v1.7 Avoid name clashes with e-TeX commands (HO)
)
\Hy@SavedSpaceFactor=\count423
 (c:/texlive/2023/texmf-dist/tex/latex/hyperref/puenc.def
File: puenc.def 2023-02-07 v7.00v Hyperref: PDF Unicode definition (HO)
)
Package hyperref Info: Hyper figures OFF on input line 4177.
Package hyperref Info: Link nesting OFF on input line 4182.
Package hyperref Info: Hyper index ON on input line 4185.
Package hyperref Info: Plain pages OFF on input line 4192.
Package hyperref Info: Backreferencing OFF on input line 4197.
Package hyperref Info: Implicit mode ON; LaTeX internals redefined.
Package hyperref Info: Bookmarks ON on input line 4425.
\c@Hy@tempcnt=\count424
LaTeX Info: Redefining \url on input line 4763.
\XeTeXLinkMargin=\dimen403
 (c:/texlive/2023/texmf-dist/tex/generic/bitset/bitset.sty
Package: bitset 2019/12/09 v1.3 Handle bit-vector datatype (HO)
 (c:/texlive/2023/texmf-dist/tex/generic/bigintcalc/bigintcalc.sty
Package: bigintcalc 2019/12/15 v1.5 Expandable calculations on big integers (HO)
))
\Fld@menulength=\count425
\Field@Width=\dimen404
\Fld@charsize=\dimen405
Package hyperref Info: Hyper figures OFF on input line 6042.
Package hyperref Info: Link nesting OFF on input line 6047.
Package hyperref Info: Hyper index ON on input line 6050.
Package hyperref Info: backreferencing OFF on input line 6057.
Package hyperref Info: Link coloring OFF on input line 6062.
Package hyperref Info: Link coloring with OCG OFF on input line 6067.
Package hyperref Info: PDF/A mode OFF on input line 6072.
 (c:/texlive/2023/texmf-dist/tex/latex/base/atbegshi-ltx.sty
Package: atbegshi-ltx 2021/01/10 v1.0c Emulation of the original atbegshi
package with kernel methods
)
\Hy@abspage=\count426
\c@Item=\count427
\c@Hfootnote=\count428
)
Package hyperref Info: Driver: hluatex.
 (c:/texlive/2023/texmf-dist/tex/latex/hyperref/hluatex.def
File: hluatex.def 2023-02-07 v7.00v Hyperref driver for luaTeX
 (c:/texlive/2023/texmf-dist/tex/generic/stringenc/stringenc.sty
Package: stringenc 2019/11/29 v1.12 Convert strings between diff. encodings (HO)
) (c:/texlive/2023/texmf-dist/tex/latex/base/atveryend-ltx.sty
Package: atveryend-ltx 2020/08/19 v1.0a Emulation of the original atveryend package
with kernel methods
)
\Fld@listcount=\count429
\c@bookmark@seq@number=\count430
 (c:/texlive/2023/texmf-dist/tex/latex/rerunfilecheck/rerunfilecheck.sty
Package: rerunfilecheck 2022-07-10 v1.10 Rerun checks for auxiliary files (HO)
 (c:/texlive/2023/texmf-dist/tex/generic/uniquecounter/uniquecounter.sty
Package: uniquecounter 2019/12/15 v1.4 Provide unlimited unique counter (HO)
)
Package uniquecounter Info: New unique counter `rerunfilecheck' on input line 285.
)
\Hy@SectionHShift=\skip117
)
Package hyperref Info: Option `setpagesize' set `false' on input line 80.
Package hyperref Info: Option `bookmarksnumbered' set `true' on input line 80.
Package hyperref Info: Option `bookmarksopen' set `true' on input line 80.
Package hyperref Info: Option `colorlinks' set `true' on input line 80.
 (c:/texlive/2023/texmf-dist/tex/latex/biblatex/biblatex.sty
Package: biblatex 2023/03/05 v3.19 programmable bibliographies (PK/MW)
 (c:/texlive/2023/texmf-dist/tex/latex/logreq/logreq.sty
Package: logreq 2010/08/04 v1.0 xml request logger
\lrq@indent=\count431
 (c:/texlive/2023/texmf-dist/tex/latex/logreq/logreq.def
File: logreq.def 2010/08/04 v1.0 logreq spec v1.0
))
\c@tabx@nest=\count432
\c@listtotal=\count433
\c@listcount=\count434
\c@liststart=\count435
\c@liststop=\count436
\c@citecount=\count437
\c@citetotal=\count438
\c@multicitecount=\count439
\c@multicitetotal=\count440
\c@instcount=\count441
\c@maxnames=\count442
\c@minnames=\count443
\c@maxitems=\count444
\c@minitems=\count445
\c@citecounter=\count446
\c@maxcitecounter=\count447
\c@savedcitecounter=\count448
\c@uniquelist=\count449
\c@uniquename=\count450
\c@refsection=\count451
\c@refsegment=\count452
\c@maxextratitle=\count453
\c@maxextratitleyear=\count454
\c@maxextraname=\count455
\c@maxextradate=\count456
\c@maxextraalpha=\count457
\c@abbrvpenalty=\count458
\c@highnamepenalty=\count459
\c@lownamepenalty=\count460
\c@maxparens=\count461
\c@parenlevel=\count462
\blx@tempcnta=\count463
\blx@tempcntb=\count464
\blx@tempcntc=\count465
\c@blx@maxsection=\count466
\blx@maxsegment@0=\count467
\blx@notetype=\count468
\blx@parenlevel@text=\count469
\blx@parenlevel@foot=\count470
\blx@sectionciteorder@0=\count471
\blx@sectionciteorderinternal@0=\count472
\blx@entrysetcounter=\count473
\blx@biblioinstance=\count474
\labelnumberwidth=\skip118
\labelalphawidth=\skip119
\biblabelsep=\skip120
\bibitemsep=\skip121
\bibnamesep=\skip122
\bibinitsep=\skip123
\bibparsep=\skip124
\bibhang=\skip125
\blx@bcfin=\read4
\blx@bcfout=\write7
\blx@langwohyphens=\language3
\c@mincomprange=\count475
\c@maxcomprange=\count476
\c@mincompwidth=\count477
Package biblatex Info: Trying to load biblatex default data model...
Package biblatex Info: ... file 'blx-dm.def' found.
 (c:/texlive/2023/texmf-dist/tex/latex/biblatex/blx-dm.def
File: blx-dm.def 2023/03/05 v3.19 biblatex localization (PK/MW)
)
Package biblatex Info: Trying to load biblatex style data model...
Package biblatex Info: ... file 'numeric-comp.dbx' not found.
Package biblatex Info: Trying to load biblatex custom data model...
Package biblatex Info: ... file 'biblatex-dm.cfg' not found.
\c@afterword=\count478
\c@savedafterword=\count479
\c@annotator=\count480
\c@savedannotator=\count481
\c@author=\count482
\c@savedauthor=\count483
\c@bookauthor=\count484
\c@savedbookauthor=\count485
\c@commentator=\count486
\c@savedcommentator=\count487
\c@editor=\count488
\c@savededitor=\count489
\c@editora=\count490
\c@savededitora=\count491
\c@editorb=\count492
\c@savededitorb=\count493
\c@editorc=\count494
\c@savededitorc=\count495
\c@foreword=\count496
\c@savedforeword=\count497
\c@holder=\count498
\c@savedholder=\count499
\c@introduction=\count500
\c@savedintroduction=\count501
\c@namea=\count502
\c@savednamea=\count503
\c@nameb=\count504
\c@savednameb=\count505
\c@namec=\count506
\c@savednamec=\count507
\c@translator=\count508
\c@savedtranslator=\count509
\c@shortauthor=\count510
\c@savedshortauthor=\count511
\c@shorteditor=\count512
\c@savedshorteditor=\count513
\c@labelname=\count514
\c@savedlabelname=\count515
\c@institution=\count516
\c@savedinstitution=\count517
\c@lista=\count518
\c@savedlista=\count519
\c@listb=\count520
\c@savedlistb=\count521
\c@listc=\count522
\c@savedlistc=\count523
\c@listd=\count524
\c@savedlistd=\count525
\c@liste=\count526
\c@savedliste=\count527
\c@listf=\count528
\c@savedlistf=\count529
\c@location=\count530
\c@savedlocation=\count531
\c@organization=\count532
\c@savedorganization=\count533
\c@origlocation=\count534
\c@savedoriglocation=\count535
\c@origpublisher=\count536
\c@savedorigpublisher=\count537
\c@publisher=\count538
\c@savedpublisher=\count539
\c@language=\count540
\c@savedlanguage=\count541
\c@origlanguage=\count542
\c@savedoriglanguage=\count543
\c@pageref=\count544
\c@savedpageref=\count545
\shorthandwidth=\skip126
\shortjournalwidth=\skip127
\shortserieswidth=\skip128
\shorttitlewidth=\skip129
\shortauthorwidth=\skip130
\shorteditorwidth=\skip131
\locallabelnumberwidth=\skip132
\locallabelalphawidth=\skip133
\localshorthandwidth=\skip134
\localshortjournalwidth=\skip135
\localshortserieswidth=\skip136
\localshorttitlewidth=\skip137
\localshortauthorwidth=\skip138
\localshorteditorwidth=\skip139
Package biblatex Info: Trying to load enhanced support for Unicode engines...
Package biblatex Info: ... file 'blx-unicode.def' found.
 (c:/texlive/2023/texmf-dist/tex/latex/biblatex/blx-unicode.def)
Package biblatex Info: Trying to load compatibility code...
Package biblatex Info: ... file 'blx-compat.def' found.
 (c:/texlive/2023/texmf-dist/tex/latex/biblatex/blx-compat.def
File: blx-compat.def 2023/03/05 v3.19 biblatex compatibility (PK/MW)
)
Package biblatex Info: Trying to load generic definitions...
Package biblatex Info: ... file 'biblatex.def' found.
 (c:/texlive/2023/texmf-dist/tex/latex/biblatex/biblatex.def
File: biblatex.def 2023/03/05 v3.19 biblatex compatibility (PK/MW)
\c@textcitecount=\count546
\c@textcitetotal=\count547
\c@textcitemaxnames=\count548
\c@biburlbigbreakpenalty=\count549
\c@biburlbreakpenalty=\count550
\c@biburlnumpenalty=\count551
\c@biburlucpenalty=\count552
\c@biburllcpenalty=\count553
\biburlbigskip=\muskip23
\biburlnumskip=\muskip24
\biburlucskip=\muskip25
\biburllcskip=\muskip26
\c@smartand=\count554
)
Package biblatex Info: Trying to load bibliography style 'numeric-comp'...
Package biblatex Info: ... file 'numeric-comp.bbx' found.
 (c:/texlive/2023/texmf-dist/tex/latex/biblatex/bbx/numeric-comp.bbx
File: numeric-comp.bbx 2023/03/05 v3.19 biblatex bibliography style (PK/MW)
Package biblatex Info: Trying to load bibliography style 'numeric'...
Package biblatex Info: ... file 'numeric.bbx' found.
 (c:/texlive/2023/texmf-dist/tex/latex/biblatex/bbx/numeric.bbx
File: numeric.bbx 2023/03/05 v3.19 biblatex bibliography style (PK/MW)
Package biblatex Info: Trying to load bibliography style 'standard'...
Package biblatex Info: ... file 'standard.bbx' found.
 (c:/texlive/2023/texmf-dist/tex/latex/biblatex/bbx/standard.bbx
File: standard.bbx 2023/03/05 v3.19 biblatex bibliography style (PK/MW)
\c@bbx:relatedcount=\count555
\c@bbx:relatedtotal=\count556
)))
Package biblatex Info: Trying to load citation style 'numeric-comp'...
Package biblatex Info: ... file 'numeric-comp.cbx' found.
 (c:/texlive/2023/texmf-dist/tex/latex/biblatex/cbx/numeric-comp.cbx
File: numeric-comp.cbx 2023/03/05 v3.19 biblatex citation style (PK/MW)
\c@cbx@tempcnta=\count557
\c@cbx@tempcntb=\count558
\c@cbx@tempcntc=\count559
\c@cbx@tempcntd=\count560
Package biblatex Info: Redefining '\cite'.
Package biblatex Info: Redefining '\parencite'.
Package biblatex Info: Redefining '\footcite'.
Package biblatex Info: Redefining '\footcitetext'.
Package biblatex Info: Redefining '\smartcite'.
Package biblatex Info: Redefining '\supercite'.
Package biblatex Info: Redefining '\textcite'.
Package biblatex Info: Redefining '\textcites'.
Package biblatex Info: Redefining '\cites'.
Package biblatex Info: Redefining '\parencites'.
Package biblatex Info: Redefining '\smartcites'.
)
Package biblatex Info: Trying to load configuration file...
Package biblatex Info: ... file 'biblatex.cfg' found.
 (c:/texlive/2023/texmf-dist/tex/latex/biblatex/biblatex.cfg
File: biblatex.cfg 
)
Package biblatex Info: LuaTeX detected.
(biblatex)             Assuming input encoding 'utf8'.
Package biblatex Info: Document encoding is UTF8 ....
Package biblatex Info: ... and expl3
(biblatex)             2023-02-22 L3 programming layer (loader) 
(biblatex)             is new enough (at least 2020/04/06),
(biblatex)             setting 'casechanger=expl3'.
 (c:/texlive/2023/texmf-dist/tex/latex/biblatex/blx-case-expl3.sty
Package: blx-case-expl3 2023/03/05 v3.19 expl3 case changing code for biblatex
))) (./title.tex) (c:/texlive/2023/texmf-dist/tex/luatex/luatexja/patches/lltjp-array.sty
Package: lltjp-array 2019-07-18 Patch to array for LuaTeX-ja
)
\@quotelevel=\count561
\@quotereset=\count562
 (./out/main.aux)
\openout1 = main.aux

LaTeX Font Info:    Checking defaults for OML/cmm/m/it on input line 9.
LaTeX Font Info:    ... okay on input line 9.
LaTeX Font Info:    Checking defaults for OMS/cmsy/m/n on input line 9.
LaTeX Font Info:    ... okay on input line 9.
LaTeX Font Info:    Checking defaults for OT1/cmr/m/n on input line 9.
LaTeX Font Info:    ... okay on input line 9.
LaTeX Font Info:    Checking defaults for T1/cmr/m/n on input line 9.
LaTeX Font Info:    ... okay on input line 9.
LaTeX Font Info:    Checking defaults for TS1/cmr/m/n on input line 9.
LaTeX Font Info:    Trying loading font information for TS1+cmr on input line 9.
 (c:/texlive/2023/texmf-dist/tex/latex/base/ts1cmr.fd
File: ts1cmr.fd 2022/07/10 v2.5l Standard LaTeX font definitions
)
LaTeX Font Info:    ... okay on input line 9.
LaTeX Font Info:    Checking defaults for TU/lmr/m/n on input line 9.
LaTeX Font Info:    ... okay on input line 9.
LaTeX Font Info:    Checking defaults for OMX/cmex/m/n on input line 9.
LaTeX Font Info:    ... okay on input line 9.
LaTeX Font Info:    Checking defaults for U/cmr/m/n on input line 9.
LaTeX Font Info:    ... okay on input line 9.
LaTeX Font Info:    Checking defaults for JY3/mc/m/n on input line 9.
LaTeX Font Info:    ... okay on input line 9.
LaTeX Font Info:    Checking defaults for JT3/mc/m/n on input line 9.
LaTeX Font Info:    ... okay on input line 9.
LaTeX Font Info:    Checking defaults for PD1/pdf/m/n on input line 9.
LaTeX Font Info:    ... okay on input line 9.
LaTeX Font Info:    Checking defaults for PU/pdf/m/n on input line 9.
LaTeX Font Info:    ... okay on input line 9.
 (c:/texlive/2023/texmf-dist/tex/context/base/mkii/supp-pdf.mkii
[Loading MPS to PDF converter (version 2006.09.02).]
\scratchcounter=\count563
\scratchdimen=\dimen406
\scratchbox=\box119
\nofMPsegments=\count564
\nofMParguments=\count565
\everyMPshowfont=\toks66
\MPscratchCnt=\count566
\MPscratchDim=\dimen407
\MPnumerator=\count567
\makeMPintoPDFobject=\count568
\everyMPtoPDFconversion=\toks67
) (c:/texlive/2023/texmf-dist/tex/latex/epstopdf-pkg/epstopdf-base.sty
Package: epstopdf-base 2020-01-24 v2.11 Base part for package epstopdf
Package epstopdf-base Info: Redefining graphics rule for `.eps' on input line 485.
 (c:/texlive/2023/texmf-dist/tex/latex/latexconfig/epstopdf-sys.cfg
File: epstopdf-sys.cfg 2010/07/13 v1.3 Configuration of (r)epstopdf for TeX Live
))
*geometry* driver: auto-detecting
*geometry* detected driver: luatex
*geometry* verbose mode - [ preamble ] result:
* driver: luatex
* paper: <default>
* layout: <same size as paper>
* layoutoffset:(h,v)=(0.0pt,0.0pt)
* modes: 
* h-part:(L,W,R)=(71.13188pt, 455.24411pt, 71.13188pt)
* v-part:(T,H,B)=(71.13188pt, 702.78308pt, 71.13188pt)
* \paperwidth=597.50787pt
* \paperheight=845.04684pt
* \textwidth=455.24411pt
* \textheight=702.78308pt
* \oddsidemargin=-1.1381pt
* \evensidemargin=-1.1381pt
* \topmargin=-29.93811pt
* \headheight=10.0pt
* \headsep=18.8pt
* \topskip=10.0pt
* \footskip=30.0pt
* \marginparwidth=0.0pt
* \marginparsep=0.0pt
* \columnsep=20.0pt
* \skip\footins=7.0pt plus 10.0pt
* \hoffset=0.0pt
* \voffset=0.0pt
* \mag=1000
* \@twocolumnfalse
* \@twosidefalse
* \@mparswitchfalse
* \@reversemarginfalse
* (1in=72.27pt=25.4mm, 1cm=28.453pt)

(load cache: extra_segoeuiemoji.luc)

Package fontspec Info: Font family 'SegoeUIEmoji(0)' created for font 'Segoe
(fontspec)             UI Emoji' with options
(fontspec)             [BoldFont={},ItalicFont={},SmallCapsFont={},Renderer=HarfBuzz].
(fontspec)              
(fontspec)              This font family consists of the following NFSS
(fontspec)             series/shapes:
(fontspec)              
(fontspec)             - 'normal' (m/n) with NFSS spec.:
(fontspec)             <->"SegoeUIEmoji:mode=harf;script=latn;language=dflt;"
(fontspec)             - 'small caps'  (m/sc) with NFSS spec.: 

(c:/texlive/2023/texmf-dist/tex/latex/lcg/lcg.sty
Package: lcg 2013/08/09 v1.3 generating random numbers
\f@rst=\count569
\l@st=\count570
\cr@nd=\count571
\c@lcg@rand=\count572

Smallest possible random number: 0
Largest possible random number: 2147483646
The pseudo random numbers will be stored in the LaTeX counter `lcg@rand'
)
Random number generator initialized to 36249
(c:/texlive/2023/texmf-dist/tex/latex/pdflscape/pdflscape.sty
Package: pdflscape 2022-10-27 v0.13 Display of landscape pages in PDF
 (c:/texlive/2023/texmf-dist/tex/latex/pdflscape/pdflscape-nometadata.sty
Package: pdflscape-nometadata 2022-10-28 v0.13 Display of landscape pages in PDF (HO)
 (c:/texlive/2023/texmf-dist/tex/latex/graphics/lscape.sty
Package: lscape 2020/05/28 v3.02 Landscape Pages (DPC)
)
Package pdflscape Info: Auto-detected driver: pdftex on input line 81.
))
\c@lstlisting=\count573
Package hyperref Info: Link coloring ON on input line 9.
 (./out/main.out) (./out/main.out)
\@outlinefile=\write8

\openout8 = main.out
Package biblatex Info: Trying to load language 'english'...
Package biblatex Info: ... file 'english.lbx' found.
 (c:/texlive/2023/texmf-dist/tex/latex/biblatex/lbx/english.lbx
File: english.lbx 2023/03/05 v3.19 biblatex localization (PK/MW)
)
Package biblatex Info: LuaTeX detected.
(biblatex)             Assuming input encoding 'utf8'.
Package biblatex Info: Automatic encoding selection.
(biblatex)             Assuming data encoding 'utf8'.

\openout7 = main.bcf
Package biblatex Info: Trying to load bibliographic data...
Package biblatex Info: ... file 'main.bbl' found.
 (./out/main.bbl)
Package biblatex Info: Reference section=0 on input line 9.
Package biblatex Info: Reference segment=0 on input line 9.
LaTeX Font Info:    Font shape `JT3/NotoSerifJP(0)/m/n' will be
(Font)              scaled to size 17.0pt on input line 14.
LaTeX Font Info:    Font shape `JY3/NotoSerifJP(0)/m/n' will be
(Font)              scaled to size 17.0pt on input line 14.
LaTeX Font Info:    Font shape `JT3/NotoSerifJP(0)/m/n' will be
(Font)              scaled to size 25.0pt on input line 14.
LaTeX Font Info:    Font shape `JY3/NotoSerifJP(0)/m/n' will be
(Font)              scaled to size 25.0pt on input line 14.
LaTeX Font Info:    Font shape `JT3/NotoSerifJP(0)/m/n' will be
(Font)              scaled to size 12.0pt on input line 14.
LaTeX Font Info:    Font shape `JY3/NotoSerifJP(0)/m/n' will be
(Font)              scaled to size 12.0pt on input line 14.
LaTeX Font Info:    Trying loading font information for OT1+lmr on input line 14.
 (c:/texlive/2023/texmf-dist/tex/latex/lm/ot1lmr.fd
File: ot1lmr.fd 2015/05/01 v1.6.1 Font defs for Latin Modern
)
LaTeX Font Info:    Trying loading font information for OML+lmm on input line 14.
 (c:/texlive/2023/texmf-dist/tex/latex/lm/omllmm.fd
File: omllmm.fd 2015/05/01 v1.6.1 Font defs for Latin Modern
)
LaTeX Font Info:    Trying loading font information for OMS+lmsy on input line 14.
 (c:/texlive/2023/texmf-dist/tex/latex/lm/omslmsy.fd
File: omslmsy.fd 2015/05/01 v1.6.1 Font defs for Latin Modern
)
LaTeX Font Info:    Trying loading font information for OMX+lmex on input line 14.
 (c:/texlive/2023/texmf-dist/tex/latex/lm/omxlmex.fd
File: omxlmex.fd 2015/05/01 v1.6.1 Font defs for Latin Modern
)
LaTeX Font Info:    External font `lmex10' loaded for size
(Font)              <12> on input line 14.
LaTeX Font Info:    External font `lmex10' loaded for size
(Font)              <8> on input line 14.
LaTeX Font Info:    External font `lmex10' loaded for size
(Font)              <6> on input line 14.
LaTeX Font Info:    Font shape `JY3/NotoSerifJP(0)/m/n' will be
(Font)              scaled to size 8.0pt on input line 14.
LaTeX Font Info:    Font shape `JY3/NotoSerifJP(0)/m/n' will be
(Font)              scaled to size 6.0pt on input line 14.
LaTeX Font Info:    Trying loading font information for U+msa on input line 14.
 (c:/texlive/2023/texmf-dist/tex/latex/amsfonts/umsa.fd
File: umsa.fd 2013/01/14 v3.01 AMS symbols A
)
LaTeX Font Info:    Trying loading font information for U+msb on input line 14.
 (c:/texlive/2023/texmf-dist/tex/latex/amsfonts/umsb.fd
File: umsb.fd 2013/01/14 v3.01 AMS symbols B
) [1

{c:/texlive/2023/texmf-var/fonts/map/pdftex/updmap/pdftex.map}] (./abstract.tex
LaTeX Font Info:    Font shape `JT3/NotoSerifJP(0)/m/n' will be
(Font)              scaled to size 20.0pt on input line 3.
LaTeX Font Info:    Font shape `JY3/NotoSerifJP(0)/m/n' will be
(Font)              scaled to size 20.0pt on input line 3.
LaTeX Font Info:    Font shape `JT3/NotoSansJP(0)/m/n' will be
(Font)              scaled to size 20.0pt on input line 3.
LaTeX Font Info:    Font shape `JY3/NotoSansJP(0)/m/n' will be
(Font)              scaled to size 20.0pt on input line 3.
LaTeX Font Info:    Font shape `JT3/NotoSansJP(0)/b/n' will be
(Font)              scaled to size 20.0pt on input line 3.
LaTeX Font Info:    Font shape `JY3/NotoSansJP(0)/b/n' will be
(Font)              scaled to size 20.0pt on input line 3.
)
warning  (pdf backend): ignoring duplicate destination with the name 'page.1'
[1

]
LaTeX Font Info:    Font shape `JT3/NotoSerifJP(0)/b/n' will be
(Font)              scaled to size 20.0pt on input line 19.
LaTeX Font Info:    Font shape `JY3/NotoSerifJP(0)/b/n' will be
(Font)              scaled to size 20.0pt on input line 19.
 (./out/main.toc
LaTeX Font Info:    Font shape `JT3/NotoSerifJP(0)/b/n' will be
(Font)              scaled to size 10.0pt on input line 2.
LaTeX Font Info:    Font shape `JY3/NotoSerifJP(0)/b/n' will be
(Font)              scaled to size 10.0pt on input line 2.
LaTeX Font Info:    External font `lmex10' loaded for size
(Font)              <10> on input line 2.
LaTeX Font Info:    External font `lmex10' loaded for size
(Font)              <7> on input line 2.
LaTeX Font Info:    External font `lmex10' loaded for size
(Font)              <5> on input line 2.
LaTeX Font Info:    Font shape `JY3/NotoSerifJP(0)/m/n' will be
(Font)              scaled to size 7.0pt on input line 2.
LaTeX Font Info:    Font shape `JY3/NotoSerifJP(0)/m/n' will be
(Font)              scaled to size 5.0pt on input line 2.
)
\tf@toc=\write9

\openout9 = main.toc
 [2] (./chap1.tex
LaTeX Font Info:    Font shape `JT3/NotoSerifJP(0)/m/n' will be
(Font)              scaled to size 14.0pt on input line 3.
LaTeX Font Info:    Font shape `JY3/NotoSerifJP(0)/m/n' will be
(Font)              scaled to size 14.0pt on input line 3.
LaTeX Font Info:    Font shape `JT3/NotoSansJP(0)/m/n' will be
(Font)              scaled to size 14.0pt on input line 3.
LaTeX Font Info:    Font shape `JY3/NotoSansJP(0)/m/n' will be
(Font)              scaled to size 14.0pt on input line 3.
LaTeX Font Info:    Font shape `JT3/NotoSansJP(0)/b/n' will be
(Font)              scaled to size 14.0pt on input line 3.
LaTeX Font Info:    Font shape `JY3/NotoSansJP(0)/b/n' will be
(Font)              scaled to size 14.0pt on input line 3.
)
warning  (pdf backend): ignoring duplicate destination with the name 'page.1'
[1

]
LaTeX Font Info:    Font shape `JT3/NotoSansJP(0)/b/n' will be
(Font)              scaled to size 10.0pt on input line 39.
LaTeX Font Info:    Font shape `JY3/NotoSansJP(0)/b/n' will be
(Font)              scaled to size 10.0pt on input line 39.
 (./chap2_1.tex
LaTeX Font Info:    Font shape `JT3/NotoSansJP(0)/m/n' will be
(Font)              scaled to size 12.0pt on input line 4.
LaTeX Font Info:    Font shape `JY3/NotoSansJP(0)/m/n' will be
(Font)              scaled to size 12.0pt on input line 4.
LaTeX Font Info:    Font shape `JT3/NotoSansJP(0)/b/n' will be
(Font)              scaled to size 12.0pt on input line 4.
LaTeX Font Info:    Font shape `JY3/NotoSansJP(0)/b/n' will be
(Font)              scaled to size 12.0pt on input line 4.
LaTeX Font Info:    Font shape `JT3/NotoSansJP(0)/b/n' will be
(Font)              scaled to size 8.99994pt on input line 4.
LaTeX Font Info:    Font shape `JY3/NotoSansJP(0)/b/n' will be
(Font)              scaled to size 8.99994pt on input line 4.
LaTeX Font Info:    Font shape `JT3/NotoSansJP(0)/m/n' will be
(Font)              scaled to size 10.0pt on input line 8.
LaTeX Font Info:    Font shape `JY3/NotoSansJP(0)/m/n' will be
(Font)              scaled to size 10.0pt on input line 8.
LaTeX Font Info:    Font shape `JT3/NotoSansJP(0)/b/n' will be
(Font)              scaled to size 7.0pt on input line 8.
LaTeX Font Info:    Font shape `JY3/NotoSansJP(0)/b/n' will be
(Font)              scaled to size 7.0pt on input line 8.
) (./chap2_2.tex
<test.png, id=100, 903.375pt x 474.27188pt>
File: test.png Graphic file (type png)
<use test.png>
Package luatex.def Info: test.png  used on input line 18.
(luatex.def)             Requested size: 451.6864pt x 237.13536pt.
LaTeX Font Info:    Font shape `JT3/NotoSerifJP(0)/m/n' will be
(Font)              scaled to size 8.99994pt on input line 19.
LaTeX Font Info:    Font shape `JY3/NotoSerifJP(0)/m/n' will be
(Font)              scaled to size 8.99994pt on input line 19.
LaTeX Font Info:    Font shape `JT3/NotoSansJP(0)/m/n' will be
(Font)              scaled to size 8.99994pt on input line 19.
LaTeX Font Info:    Font shape `JY3/NotoSansJP(0)/m/n' will be
(Font)              scaled to size 8.99994pt on input line 19.

warning  (pdf backend): ignoring duplicate destination with the name 'page.2'
[2

] (c:/texlive/2023/texmf-dist/tex/latex/listings/lstlang1.sty
File: lstlang1.sty 2023/02/27 1.9 listings language file
) (c:/texlive/2023/texmf-dist/tex/latex/listings/lstmisc.sty
File: lstmisc.sty 2023/02/27 1.9 (Carsten Heinz)
)
Package hyperref Info: bookmark level for unknown lstlisting defaults to 0 on input line 34.
LaTeX Font Info:    Font shape `JT3/PlemolJP(1)/m/n' will be
(Font)              scaled to size 10.0pt on input line 34.
LaTeX Font Info:    Font shape `JY3/PlemolJP(1)/m/n' will be
(Font)              scaled to size 10.0pt on input line 34.
Removing  `ltj.process_input_buffer' from `process_input_buffer'.
Inserting `ltj.listings_unicode' in `process_input_buffer'.
Inserting `ltj.process_input_buffer' in `process_input_buffer'.
LaTeX Font Info:    Font shape `JT3/NotoSerifJP(0)/m/n' will be
(Font)              scaled to size 8.00003pt on input line 35.
LaTeX Font Info:    Font shape `JY3/NotoSerifJP(0)/m/n' will be
(Font)              scaled to size 8.00003pt on input line 35.
Removing  `ltj.listings_unicode' from `process_input_buffer'. (c:/texlive/2023/texmf-dist/tex/latex/listings/lstlang1.sty
File: lstlang1.sty 2023/02/27 1.9 listings language file
)
Removing  `ltj.process_input_buffer' from `process_input_buffer'.
Inserting `ltj.listings_unicode' in `process_input_buffer'.
Inserting `ltj.process_input_buffer' in `process_input_buffer'. (./test.py [3<./test.png>])
Removing  `ltj.listings_unicode' from `process_input_buffer'.) [4]
LaTeX Font Info:    Font shape `JT3/NotoSerifJP(0)/m/it' will be
(Font)              scaled to size 10.0pt on input line 50.
LaTeX Font Info:    Font shape `JY3/NotoSerifJP(0)/m/it' will be
(Font)              scaled to size 10.0pt on input line 50.
LaTeX Font Info:    Font shape `JT3/NotoSerifJP(0)/b/it' will be
(Font)              scaled to size 10.0pt on input line 51.
LaTeX Font Info:    Font shape `JY3/NotoSerifJP(0)/b/it' will be
(Font)              scaled to size 10.0pt on input line 51.
 [5

]
LaTeX Font Info:    Font shape `JT3/NotoSansJP(0)/m/it' will be
(Font)              scaled to size 10.0pt on input line 69.
LaTeX Font Info:    Font shape `JY3/NotoSansJP(0)/m/it' will be
(Font)              scaled to size 10.0pt on input line 69.
 [6

] (./acknowledgement.tex) [7

] (./out/main.aux)
Package rerunfilecheck Info: File `main.out' has not changed.
(rerunfilecheck)             Checksum: 68DF068BCC6D70CA07FBB97E37F4AB11;1844.
Package logreq Info: Writing requests to 'main.run.xml'.

\openout1 = main.run.xml
)

Here is how much of LuaTeX's memory you used:
 48964 strings out of 478285
 125244,2373549 words of node,token memory allocated
 1562 words of node memory still in use:
   12 hlist, 2 vlist, 6 rule, 2 glue, 4 kern, 2 glyph, 260 attribute, 122 glue_spec, 36 attribute_list, 2 write, 15 user_defined nodes
   avail lists: 1:5,2:25144,3:1575,4:2044,5:358,6:55,7:1897,8:30,9:2171,10:12,11:20
 67350 multiletter control sequences out of 65536+600000
 159 fonts using 222605775 bytes
 106i,8n,104p,18300b,1316s stack positions out of 10000i,1000n,20000p,200000b,200000s
<c:/Users/asumo/AppData/Local/Microsoft/Windows/Fonts/NotoSansJP-Regular.ttf><c:/Users/asumo/AppData/Local/Microsoft/Windows/Fonts/PlemolJP-Regular.ttf>{c:/texlive/2023/texmf-dist/fonts/enc/dvips/lm/lm-mathit.enc}{c:/texlive/2023/texmf-dist/fonts/enc/dvips/lm/lm-rm.enc}{c:/texlive/2023/texmf-dist/fonts/enc/dvips/lm/lm-mathsy.enc}<c:/Windows/Fonts/arialbd.ttf><c:/Windows/Fonts/timesbd.ttf><c:/Users/asumo/AppData/Local/Microsoft/Windows/Fonts/NotoSansJP-Bold.ttf><c:/Windows/Fonts/times.ttf><c:/Users/asumo/AppData/Local/Microsoft/Windows/Fonts/NotoSerifJP-Regular.otf><c:/texlive/2023/texmf-dist/fonts/type1/public/lm/lmmi10.pfb><c:/texlive/2023/texmf-dist/fonts/type1/public/lm/lmr10.pfb><c:/texlive/2023/texmf-dist/fonts/type1/public/lm/lmr7.pfb><c:/texlive/2023/texmf-dist/fonts/type1/public/lm/lmsy10.pfb><c:/texlive/2023/texmf-dist/fonts/type1/public/amsfonts/symbols/msbm10.pfb>
Output written on main.pdf (10 pages, 426192 bytes).

PDF statistics: 225 PDF objects out of 1000 (max. 8388607)
 182 compressed objects within 2 object streams
 40 named destinations out of 1000 (max. 131072)
 128 words of extra memory for PDF output out of 10000 (max. 100000000)

